[    4490ms] [WARNING] The web fetch in browser environment has not psm field @ https://portal.volccdn.com/obj/volcfe-scm/doccenter/static/js/474.992c3813.js:1
[    4490ms] [WARNING] The web fetch in browser environment has not psm field @ https://portal.volccdn.com/obj/volcfe-scm/doccenter/static/js/474.992c3813.js:1
[    4630ms] [WARNING] The web fetch in browser environment has not psm field @ https://portal.volccdn.com/obj/volcfe-scm/doccenter/static/js/474.992c3813.js:1
[    4631ms] [WARNING] The web fetch in browser environment has not psm field @ https://portal.volccdn.com/obj/volcfe-scm/doccenter/static/js/474.992c3813.js:1
[    4661ms] [ERROR] Failed to load resource: the server responded with a status of 401 () @ https://console.volcengine.com/api/passport/account/getUser:0
[    4843ms] [ERROR] Failed to load resource: the server responded with a status of 401 () @ https://console.volcengine.com/api/passport/account/getUser:0
[    4859ms] [WARNING] The web fetch in browser environment has not psm field @ https://portal.volccdn.com/obj/volcfe-scm/doccenter/static/js/474.992c3813.js:1
[    5077ms] [ERROR] can no read vconsoleAppInfo from window object @ https://res.volccdn.com/obj/volc-console-fe/vcopilot-entry/web/static/js/7078.d82598ef.js:93
[    5116ms] [ERROR] can no read vconsoleAppInfo from window object @ https://res.volccdn.com/obj/volc-console-fe/vcopilot-entry/web/static/js/7078.d82598ef.js:93
[    5157ms] [WARNING] CommonJSONRPCProtocol: method vcopilot/set-ui-config already has request handler, override. @ https://res.volccdn.com/obj/volc-console-fe/vcopilot-entry/web/static/js/main.d185fef5.js:2
[    5157ms] [WARNING] CommonJSONRPCProtocol: method vcopilot/get-display-state already has request handler, override. @ https://res.volccdn.com/obj/volc-console-fe/vcopilot-entry/web/static/js/main.d185fef5.js:2
[    5157ms] [WARNING] CommonJSONRPCProtocol: method vcopilot/iframe/proxy-jsonrpc-notification already has notification handler, override. @ https://res.volccdn.com/obj/volc-console-fe/vcopilot-entry/web/static/js/main.d185fef5.js:2
[    9112ms] [WARNING] The web fetch in browser environment has not psm field @ https://portal.volccdn.com/obj/volcfe-scm/doccenter/static/js/474.992c3813.js:1
[    9112ms] [WARNING] The web fetch in browser environment has not psm field @ https://portal.volccdn.com/obj/volcfe-scm/doccenter/static/js/474.992c3813.js:1
[    9112ms] [WARNING] The web fetch in browser environment has not psm field @ https://portal.volccdn.com/obj/volcfe-scm/doccenter/static/js/474.992c3813.js:1
[    9507ms] [WARNING] The web fetch in browser environment has not psm field @ https://portal.volccdn.com/obj/volcfe-scm/doccenter/static/js/474.992c3813.js:1
[    9706ms] [ERROR] {message: table plugin render failed! Index: 10, level: 1, e: Error: table plugin render failed! Index: 10
    at t.error (https://portal.volccdn.com/obj/volcfe-…, affectingScope: entire-editor, errorStack: Error: editor oops
    at t.call (https://portal.v…bb.js:2:429930
    at Array.forEach (<anonymous>)} @ https://portal.volccdn.com/obj/volcfe-scm/doccenter/static/js/async/viewer-v2.6e2813bb.js:1
[    9706ms] [ERROR] {message: table plugin render failed! Index: 17, level: 1, e: Error: table plugin render failed! Index: 17
    at t.error (https://portal.volccdn.com/obj/volcfe-…, affectingScope: entire-editor} @ https://portal.volccdn.com/obj/volcfe-scm/doccenter/static/js/async/viewer-v2.6e2813bb.js:1
[    9707ms] [ERROR] {message: table plugin render failed! Index: 27, level: 1, e: Error: table plugin render failed! Index: 27
    at t.error (https://portal.volccdn.com/obj/volcfe-…, affectingScope: entire-editor} @ https://portal.volccdn.com/obj/volcfe-scm/doccenter/static/js/async/viewer-v2.6e2813bb.js:1
[    9707ms] [ERROR] {message: table plugin render failed! Index: 47, level: 1, e: Error: table plugin render failed! Index: 47
    at t.error (https://portal.volccdn.com/obj/volcfe-…, affectingScope: entire-editor} @ https://portal.volccdn.com/obj/volcfe-scm/doccenter/static/js/async/viewer-v2.6e2813bb.js:1
[    9753ms] [WARNING] The web fetch in browser environment has not psm field @ https://portal.volccdn.com/obj/volcfe-scm/doccenter/static/js/474.992c3813.js:1
