[     851ms] [ERROR] Failed to load resource: net::ERR_CONNECTION_CLOSED @ https://static.cloudflareinsights.com/beacon.min.js/v67327c56f0bb4ef8b305cae61679db8f1769101564043:0
[    1174ms] Error: Minified React error #418; visit https://react.dev/errors/418?args[]=HTML&args[]= for the full message or use the non-minified dev environment for full errors and additional helpful warnings.
    at rD (https://docs.together.ai/mintlify-assets/_next/static/chunks/87c73c54-dd8d81ac9604067c.js?dpl=dpl_79GYK6BPiCPbRRzsLniDDHtxqngt:1:35060)
    at oq (https://docs.together.ai/mintlify-assets/_next/static/chunks/87c73c54-dd8d81ac9604067c.js?dpl=dpl_79GYK6BPiCPbRRzsLniDDHtxqngt:1:84564)
    at ik (https://docs.together.ai/mintlify-assets/_next/static/chunks/87c73c54-dd8d81ac9604067c.js?dpl=dpl_79GYK6BPiCPbRRzsLniDDHtxqngt:1:114680)
    at https://docs.together.ai/mintlify-assets/_next/static/chunks/87c73c54-dd8d81ac9604067c.js?dpl=dpl_79GYK6BPiCPbRRzsLniDDHtxqngt:1:110728
    at iu (https://docs.together.ai/mintlify-assets/_next/static/chunks/87c73c54-dd8d81ac9604067c.js?dpl=dpl_79GYK6BPiCPbRRzsLniDDHtxqngt:1:110829)
    at iX (https://docs.together.ai/mintlify-assets/_next/static/chunks/87c73c54-dd8d81ac9604067c.js?dpl=dpl_79GYK6BPiCPbRRzsLniDDHtxqngt:1:132932)
    at MessagePort.w (https://docs.together.ai/mintlify-assets/_next/static/chunks/90018-ee7ab286d7c769cb.js?dpl=dpl_79GYK6BPiCPbRRzsLniDDHtxqngt:1:45283)
[    1175ms] SyntaxError: Failed to execute 'appendChild' on 'Node': Identifier 'originalPushState' has already been declared
    at f (https://docs.together.ai/mintlify-assets/_next/static/chunks/68789-e7d81f669637c445.js?dpl=dpl_79GYK6BPiCPbRRzsLniDDHtxqngt:1:27615)
    at https://docs.together.ai/mintlify-assets/_next/static/chunks/68789-e7d81f669637c445.js?dpl=dpl_79GYK6BPiCPbRRzsLniDDHtxqngt:1:28429
    at o1 (https://docs.together.ai/mintlify-assets/_next/static/chunks/87c73c54-dd8d81ac9604067c.js?dpl=dpl_79GYK6BPiCPbRRzsLniDDHtxqngt:1:88955)
    at uE (https://docs.together.ai/mintlify-assets/_next/static/chunks/87c73c54-dd8d81ac9604067c.js?dpl=dpl_79GYK6BPiCPbRRzsLniDDHtxqngt:1:104847)
    at ux (https://docs.together.ai/mintlify-assets/_next/static/chunks/87c73c54-dd8d81ac9604067c.js?dpl=dpl_79GYK6BPiCPbRRzsLniDDHtxqngt:1:104731)
    at uE (https://docs.together.ai/mintlify-assets/_next/static/chunks/87c73c54-dd8d81ac9604067c.js?dpl=dpl_79GYK6BPiCPbRRzsLniDDHtxqngt:1:104827)
    at ux (https://docs.together.ai/mintlify-assets/_next/static/chunks/87c73c54-dd8d81ac9604067c.js?dpl=dpl_79GYK6BPiCPbRRzsLniDDHtxqngt:1:104731)
    at uE (https://docs.together.ai/mintlify-assets/_next/static/chunks/87c73c54-dd8d81ac9604067c.js?dpl=dpl_79GYK6BPiCPbRRzsLniDDHtxqngt:1:104892)
    at ux (https://docs.together.ai/mintlify-assets/_next/static/chunks/87c73c54-dd8d81ac9604067c.js?dpl=dpl_79GYK6BPiCPbRRzsLniDDHtxqngt:1:104731)
    at uE (https://docs.together.ai/mintlify-assets/_next/static/chunks/87c73c54-dd8d81ac9604067c.js?dpl=dpl_79GYK6BPiCPbRRzsLniDDHtxqngt:1:104827)
[    1883ms] [WARNING] [Termly] Termly ResourceBlocker is not the first script on the page. You might not be blocking unapproved content. @ https://app.termly.io/resource-blocker/3ca8dfce-d291-4de9-b87d-166df7cf5b5a?autoBlock=on:177
