[     494ms] TypeError: Failed to execute 'observe' on 'IntersectionObserver': parameter 1 is not of type 'Element'.
    at https://bce.bdstatic.com/fe-static/baidu/bce-portal/portal-common/1.0.2038.1/10.load.js:1:6375
    at https://bce.bdstatic.com/fe-static/baidu/bce-portal/portal-common/1.0.2038.1/10.load.js:1:9603
    at https://bce.bdstatic.com/fe-static/baidu/bce-portal/portal-common/1.0.2038.1/10.load.js:1:9330
    at Object.next (https://bce.bdstatic.com/fe-static/baidu/bce-portal/portal-common/1.0.2038.1/10.load.js:1:9435)
    at https://bce.bdstatic.com/fe-static/baidu/bce-portal/portal-common/1.0.2038.1/10.load.js:1:8351
    at new Promise (<anonymous>)
    at o (https://bce.bdstatic.com/fe-static/baidu/bce-portal/portal-common/1.0.2038.1/10.load.js:1:8099)
    at https://bce.bdstatic.com/fe-static/baidu/bce-portal/portal-common/1.0.2038.1/10.load.js:1:9516
    at ol (https://bce.bdstatic.com/fe-static/baidu/bce-portal/portal-common/load.online.js:2:164748)
    at xc (https://bce.bdstatic.com/fe-static/baidu/bce-portal/portal-common/load.online.js:2:184712)
[     494ms] TypeError: Failed to execute 'observe' on 'IntersectionObserver': parameter 1 is not of type 'Element'.
    at https://bce.bdstatic.com/fe-static/baidu/bce-portal/portal-common/1.0.2038.1/10.load.js:1:6375
    at https://bce.bdstatic.com/fe-static/baidu/bce-portal/portal-common/1.0.2038.1/10.load.js:1:9603
    at https://bce.bdstatic.com/fe-static/baidu/bce-portal/portal-common/1.0.2038.1/10.load.js:1:9330
    at Object.next (https://bce.bdstatic.com/fe-static/baidu/bce-portal/portal-common/1.0.2038.1/10.load.js:1:9435)
    at https://bce.bdstatic.com/fe-static/baidu/bce-portal/portal-common/1.0.2038.1/10.load.js:1:8351
    at new Promise (<anonymous>)
    at o (https://bce.bdstatic.com/fe-static/baidu/bce-portal/portal-common/1.0.2038.1/10.load.js:1:8099)
    at https://bce.bdstatic.com/fe-static/baidu/bce-portal/portal-common/1.0.2038.1/10.load.js:1:9516
    at ol (https://bce.bdstatic.com/fe-static/baidu/bce-portal/portal-common/load.online.js:2:164748)
    at xc (https://bce.bdstatic.com/fe-static/baidu/bce-portal/portal-common/load.online.js:2:184712)
[     602ms] [WARNING] document.domain mutation is ignored because the surrounding agent cluster is origin-keyed. @ https://console.bce.baidu.com/asset/monitor/bce_monitor_session.html:43
[    4757ms] [ERROR] Hydration completed but contains mismatches. @ https://statics.moonshot.cn/kimi-web-seo/assets/common-CyntKMWI.js:12
