[    2035ms] [ERROR] Failed to load resource: the server responded with a status of 401 () @ https://arena.ai/api/history/list?limit=20&includeArchived=false:0
[    3497ms] [ERROR] Failed to load resource: the server responded with a status of 401 () @ https://arena.ai/api/history/list?limit=20&includeArchived=false:0
[    6056ms] [ERROR] Failed to load resource: the server responded with a status of 401 () @ https://arena.ai/api/history/list?limit=20&includeArchived=false:0
[    9798ms] [WARNING] The resource https://arena.ai/_next/static/media/d7df244fe7b07b95-s.p.woff2?dpl=dpl_2dp9es1EbQ4XGLen4KuDZuDvGXTz was preloaded using link preload but not used within a few seconds from the window's load event. Please make sure it has an appropriate `as` value and it is preloaded intentionally. @ https://arena.ai/leaderboard/text:0
[    9799ms] [WARNING] The resource https://arena.ai/_next/static/media/0e96d314a90a6138-s.p.woff2?dpl=dpl_2dp9es1EbQ4XGLen4KuDZuDvGXTz was preloaded using link preload but not used within a few seconds from the window's load event. Please make sure it has an appropriate `as` value and it is preloaded intentionally. @ https://arena.ai/leaderboard/text:0
[    9799ms] [WARNING] The resource https://arena.ai/_next/static/media/9dcef913907d177d-s.p.woff2?dpl=dpl_2dp9es1EbQ4XGLen4KuDZuDvGXTz was preloaded using link preload but not used within a few seconds from the window's load event. Please make sure it has an appropriate `as` value and it is preloaded intentionally. @ https://arena.ai/leaderboard/text:0
[    9799ms] [WARNING] The resource https://arena.ai/_next/static/media/0a7dccb9ebe20c72-s.p.woff2?dpl=dpl_2dp9es1EbQ4XGLen4KuDZuDvGXTz was preloaded using link preload but not used within a few seconds from the window's load event. Please make sure it has an appropriate `as` value and it is preloaded intentionally. @ https://arena.ai/leaderboard/text:0
[    9799ms] [WARNING] The resource https://arena.ai/_next/static/media/d00ac9cf364fead5-s.p.woff2?dpl=dpl_2dp9es1EbQ4XGLen4KuDZuDvGXTz was preloaded using link preload but not used within a few seconds from the window's load event. Please make sure it has an appropriate `as` value and it is preloaded intentionally. @ https://arena.ai/leaderboard/text:0
[    9799ms] [WARNING] The resource https://arena.ai/_next/static/media/76fcc95954fbfc88-s.p.woff2?dpl=dpl_2dp9es1EbQ4XGLen4KuDZuDvGXTz was preloaded using link preload but not used within a few seconds from the window's load event. Please make sure it has an appropriate `as` value and it is preloaded intentionally. @ https://arena.ai/leaderboard/text:0
[    9799ms] [WARNING] The resource https://arena.ai/_next/static/media/e4af272ccee01ff0-s.p.woff2?dpl=dpl_2dp9es1EbQ4XGLen4KuDZuDvGXTz was preloaded using link preload but not used within a few seconds from the window's load event. Please make sure it has an appropriate `as` value and it is preloaded intentionally. @ https://arena.ai/leaderboard/text:0
[    9799ms] [WARNING] The resource https://arena.ai/_next/static/media/121b8959500e2dbb-s.p.woff2?dpl=dpl_2dp9es1EbQ4XGLen4KuDZuDvGXTz was preloaded using link preload but not used within a few seconds from the window's load event. Please make sure it has an appropriate `as` value and it is preloaded intentionally. @ https://arena.ai/leaderboard/text:0
[    9799ms] [WARNING] The resource https://arena.ai/_next/static/media/268f004ea3786b37-s.p.woff2?dpl=dpl_2dp9es1EbQ4XGLen4KuDZuDvGXTz was preloaded using link preload but not used within a few seconds from the window's load event. Please make sure it has an appropriate `as` value and it is preloaded intentionally. @ https://arena.ai/leaderboard/text:0
[    9799ms] [WARNING] The resource https://arena.ai/_next/static/media/cdf8aa7aff76506e-s.p.woff2?dpl=dpl_2dp9es1EbQ4XGLen4KuDZuDvGXTz was preloaded using link preload but not used within a few seconds from the window's load event. Please make sure it has an appropriate `as` value and it is preloaded intentionally. @ https://arena.ai/leaderboard/text:0
[    9799ms] [WARNING] The resource https://arena.ai/_next/static/media/82ebfbcf8e635787-s.p.ttf?dpl=dpl_2dp9es1EbQ4XGLen4KuDZuDvGXTz was preloaded using link preload but not used within a few seconds from the window's load event. Please make sure it has an appropriate `as` value and it is preloaded intentionally. @ https://arena.ai/leaderboard/text:0
[    9799ms] [WARNING] The resource https://arena.ai/_next/static/media/b7ea2ab4a8ad1f81-s.p.woff2?dpl=dpl_2dp9es1EbQ4XGLen4KuDZuDvGXTz was preloaded using link preload but not used within a few seconds from the window's load event. Please make sure it has an appropriate `as` value and it is preloaded intentionally. @ https://arena.ai/leaderboard/text:0
[    9799ms] [WARNING] The resource https://arena.ai/_next/static/media/5d259b4d93dec8ad-s.p.woff2?dpl=dpl_2dp9es1EbQ4XGLen4KuDZuDvGXTz was preloaded using link preload but not used within a few seconds from the window's load event. Please make sure it has an appropriate `as` value and it is preloaded intentionally. @ https://arena.ai/leaderboard/text:0
[    9799ms] [WARNING] The resource https://arena.ai/_next/static/media/129456645e506c76-s.p.woff2?dpl=dpl_2dp9es1EbQ4XGLen4KuDZuDvGXTz was preloaded using link preload but not used within a few seconds from the window's load event. Please make sure it has an appropriate `as` value and it is preloaded intentionally. @ https://arena.ai/leaderboard/text:0
[    9799ms] [WARNING] The resource https://arena.ai/_next/static/media/c4b700dcb2187787-s.p.woff2?dpl=dpl_2dp9es1EbQ4XGLen4KuDZuDvGXTz was preloaded using link preload but not used within a few seconds from the window's load event. Please make sure it has an appropriate `as` value and it is preloaded intentionally. @ https://arena.ai/leaderboard/text:0
[   10526ms] [ERROR] Failed to load resource: the server responded with a status of 401 () @ https://arena.ai/api/history/list?limit=20&includeArchived=false:0
[   13533ms] [WARNING] The resource https://arena.ai/_next/static/media/d7df244fe7b07b95-s.p.woff2?dpl=dpl_2dp9es1EbQ4XGLen4KuDZuDvGXTz was preloaded using link preload but not used within a few seconds from the window's load event. Please make sure it has an appropriate `as` value and it is preloaded intentionally. @ https://arena.ai/leaderboard/text:0
[   13533ms] [WARNING] The resource https://arena.ai/_next/static/media/0e96d314a90a6138-s.p.woff2?dpl=dpl_2dp9es1EbQ4XGLen4KuDZuDvGXTz was preloaded using link preload but not used within a few seconds from the window's load event. Please make sure it has an appropriate `as` value and it is preloaded intentionally. @ https://arena.ai/leaderboard/text:0
[   13533ms] [WARNING] The resource https://arena.ai/_next/static/media/9dcef913907d177d-s.p.woff2?dpl=dpl_2dp9es1EbQ4XGLen4KuDZuDvGXTz was preloaded using link preload but not used within a few seconds from the window's load event. Please make sure it has an appropriate `as` value and it is preloaded intentionally. @ https://arena.ai/leaderboard/text:0
[   13533ms] [WARNING] The resource https://arena.ai/_next/static/media/0a7dccb9ebe20c72-s.p.woff2?dpl=dpl_2dp9es1EbQ4XGLen4KuDZuDvGXTz was preloaded using link preload but not used within a few seconds from the window's load event. Please make sure it has an appropriate `as` value and it is preloaded intentionally. @ https://arena.ai/leaderboard/text:0
[   13533ms] [WARNING] The resource https://arena.ai/_next/static/media/d00ac9cf364fead5-s.p.woff2?dpl=dpl_2dp9es1EbQ4XGLen4KuDZuDvGXTz was preloaded using link preload but not used within a few seconds from the window's load event. Please make sure it has an appropriate `as` value and it is preloaded intentionally. @ https://arena.ai/leaderboard/text:0
[   13533ms] [WARNING] The resource https://arena.ai/_next/static/media/76fcc95954fbfc88-s.p.woff2?dpl=dpl_2dp9es1EbQ4XGLen4KuDZuDvGXTz was preloaded using link preload but not used within a few seconds from the window's load event. Please make sure it has an appropriate `as` value and it is preloaded intentionally. @ https://arena.ai/leaderboard/text:0
[   13533ms] [WARNING] The resource https://arena.ai/_next/static/media/e4af272ccee01ff0-s.p.woff2?dpl=dpl_2dp9es1EbQ4XGLen4KuDZuDvGXTz was preloaded using link preload but not used within a few seconds from the window's load event. Please make sure it has an appropriate `as` value and it is preloaded intentionally. @ https://arena.ai/leaderboard/text:0
[   13533ms] [WARNING] The resource https://arena.ai/_next/static/media/121b8959500e2dbb-s.p.woff2?dpl=dpl_2dp9es1EbQ4XGLen4KuDZuDvGXTz was preloaded using link preload but not used within a few seconds from the window's load event. Please make sure it has an appropriate `as` value and it is preloaded intentionally. @ https://arena.ai/leaderboard/text:0
[   13533ms] [WARNING] The resource https://arena.ai/_next/static/media/268f004ea3786b37-s.p.woff2?dpl=dpl_2dp9es1EbQ4XGLen4KuDZuDvGXTz was preloaded using link preload but not used within a few seconds from the window's load event. Please make sure it has an appropriate `as` value and it is preloaded intentionally. @ https://arena.ai/leaderboard/text:0
[   13533ms] [WARNING] The resource https://arena.ai/_next/static/media/cdf8aa7aff76506e-s.p.woff2?dpl=dpl_2dp9es1EbQ4XGLen4KuDZuDvGXTz was preloaded using link preload but not used within a few seconds from the window's load event. Please make sure it has an appropriate `as` value and it is preloaded intentionally. @ https://arena.ai/leaderboard/text:0
[   13534ms] [WARNING] The resource https://arena.ai/_next/static/media/82ebfbcf8e635787-s.p.ttf?dpl=dpl_2dp9es1EbQ4XGLen4KuDZuDvGXTz was preloaded using link preload but not used within a few seconds from the window's load event. Please make sure it has an appropriate `as` value and it is preloaded intentionally. @ https://arena.ai/leaderboard/text:0
[   13534ms] [WARNING] The resource https://arena.ai/_next/static/media/b7ea2ab4a8ad1f81-s.p.woff2?dpl=dpl_2dp9es1EbQ4XGLen4KuDZuDvGXTz was preloaded using link preload but not used within a few seconds from the window's load event. Please make sure it has an appropriate `as` value and it is preloaded intentionally. @ https://arena.ai/leaderboard/text:0
[   13534ms] [WARNING] The resource https://arena.ai/_next/static/media/5d259b4d93dec8ad-s.p.woff2?dpl=dpl_2dp9es1EbQ4XGLen4KuDZuDvGXTz was preloaded using link preload but not used within a few seconds from the window's load event. Please make sure it has an appropriate `as` value and it is preloaded intentionally. @ https://arena.ai/leaderboard/text:0
[   13534ms] [WARNING] The resource https://arena.ai/_next/static/media/129456645e506c76-s.p.woff2?dpl=dpl_2dp9es1EbQ4XGLen4KuDZuDvGXTz was preloaded using link preload but not used within a few seconds from the window's load event. Please make sure it has an appropriate `as` value and it is preloaded intentionally. @ https://arena.ai/leaderboard/text:0
[   13534ms] [WARNING] The resource https://arena.ai/_next/static/media/c4b700dcb2187787-s.p.woff2?dpl=dpl_2dp9es1EbQ4XGLen4KuDZuDvGXTz was preloaded using link preload but not used within a few seconds from the window's load event. Please make sure it has an appropriate `as` value and it is preloaded intentionally. @ https://arena.ai/leaderboard/text:0
[   35104ms] [ERROR] Failed to load resource: the server responded with a status of 401 () @ https://arena.ai/api/history/list?limit=20&includeArchived=false:0
[   36557ms] [ERROR] Failed to load resource: the server responded with a status of 401 () @ https://arena.ai/api/history/list?limit=20&includeArchived=false:0
[   39119ms] [ERROR] Failed to load resource: the server responded with a status of 401 () @ https://arena.ai/api/history/list?limit=20&includeArchived=false:0
[   40568ms] [ERROR] Failed to load resource: the server responded with a status of 401 () @ https://arena.ai/api/history/list?limit=20&includeArchived=false:0
[   43694ms] [ERROR] Failed to load resource: the server responded with a status of 401 () @ https://arena.ai/api/history/list?limit=20&includeArchived=false:0
[   45138ms] [ERROR] Failed to load resource: the server responded with a status of 401 () @ https://arena.ai/api/history/list?limit=20&includeArchived=false:0
[   47089ms] Error: Minified React error #418; visit https://react.dev/errors/418?args[]=text&args[]= for the full message or use the non-minified dev environment for full errors and additional helpful warnings.
    at r2 (https://arena.ai/_next/static/chunks/94da1101-819810c68dfc98da.js?dpl=dpl_2dp9es1EbQ4XGLen4KuDZuDvGXTz:1:37008)
    at r3 (https://arena.ai/_next/static/chunks/94da1101-819810c68dfc98da.js?dpl=dpl_2dp9es1EbQ4XGLen4KuDZuDvGXTz:1:37901)
    at https://arena.ai/_next/static/chunks/94da1101-819810c68dfc98da.js?dpl=dpl_2dp9es1EbQ4XGLen4KuDZuDvGXTz:1:132353
    at sR (https://arena.ai/_next/static/chunks/94da1101-819810c68dfc98da.js?dpl=dpl_2dp9es1EbQ4XGLen4KuDZuDvGXTz:1:137390)
    at sI (https://arena.ai/_next/static/chunks/94da1101-819810c68dfc98da.js?dpl=dpl_2dp9es1EbQ4XGLen4KuDZuDvGXTz:1:128888)
    at https://arena.ai/_next/static/chunks/94da1101-819810c68dfc98da.js?dpl=dpl_2dp9es1EbQ4XGLen4KuDZuDvGXTz:1:124617
    at sE (https://arena.ai/_next/static/chunks/94da1101-819810c68dfc98da.js?dpl=dpl_2dp9es1EbQ4XGLen4KuDZuDvGXTz:1:124718)
    at ca (https://arena.ai/_next/static/chunks/94da1101-819810c68dfc98da.js?dpl=dpl_2dp9es1EbQ4XGLen4KuDZuDvGXTz:1:157399)
    at MessagePort.S (https://arena.ai/_next/static/chunks/88421-ce5d598f76f34bcc.js?dpl=dpl_2dp9es1EbQ4XGLen4KuDZuDvGXTz:1:18791)
[   47538ms] [ERROR] Failed to load resource: the server responded with a status of 401 () @ https://arena.ai/api/history/list?limit=20&includeArchived=false:0
[   49106ms] [ERROR] Failed to load resource: the server responded with a status of 401 () @ https://arena.ai/api/history/list?limit=20&includeArchived=false:0
[   51199ms] Error: Minified React error #418; visit https://react.dev/errors/418?args[]=text&args[]= for the full message or use the non-minified dev environment for full errors and additional helpful warnings.
    at r2 (https://arena.ai/_next/static/chunks/94da1101-819810c68dfc98da.js?dpl=dpl_2dp9es1EbQ4XGLen4KuDZuDvGXTz:1:37008)
    at r3 (https://arena.ai/_next/static/chunks/94da1101-819810c68dfc98da.js?dpl=dpl_2dp9es1EbQ4XGLen4KuDZuDvGXTz:1:37901)
    at https://arena.ai/_next/static/chunks/94da1101-819810c68dfc98da.js?dpl=dpl_2dp9es1EbQ4XGLen4KuDZuDvGXTz:1:132353
    at sR (https://arena.ai/_next/static/chunks/94da1101-819810c68dfc98da.js?dpl=dpl_2dp9es1EbQ4XGLen4KuDZuDvGXTz:1:137390)
    at sI (https://arena.ai/_next/static/chunks/94da1101-819810c68dfc98da.js?dpl=dpl_2dp9es1EbQ4XGLen4KuDZuDvGXTz:1:128888)
    at https://arena.ai/_next/static/chunks/94da1101-819810c68dfc98da.js?dpl=dpl_2dp9es1EbQ4XGLen4KuDZuDvGXTz:1:124617
    at sE (https://arena.ai/_next/static/chunks/94da1101-819810c68dfc98da.js?dpl=dpl_2dp9es1EbQ4XGLen4KuDZuDvGXTz:1:124718)
    at ca (https://arena.ai/_next/static/chunks/94da1101-819810c68dfc98da.js?dpl=dpl_2dp9es1EbQ4XGLen4KuDZuDvGXTz:1:157399)
    at MessagePort.S (https://arena.ai/_next/static/chunks/88421-ce5d598f76f34bcc.js?dpl=dpl_2dp9es1EbQ4XGLen4KuDZuDvGXTz:1:18791)
[   51725ms] [ERROR] Failed to load resource: the server responded with a status of 401 () @ https://arena.ai/api/history/list?limit=20&includeArchived=false:0
[   53181ms] [ERROR] Failed to load resource: the server responded with a status of 401 () @ https://arena.ai/api/history/list?limit=20&includeArchived=false:0
[   55640ms] [ERROR] Failed to load resource: the server responded with a status of 401 () @ https://arena.ai/api/history/list?limit=20&includeArchived=false:0
[   57089ms] [ERROR] Failed to load resource: the server responded with a status of 401 () @ https://arena.ai/api/history/list?limit=20&includeArchived=false:0
[   59040ms] Error: Minified React error #418; visit https://react.dev/errors/418?args[]=text&args[]= for the full message or use the non-minified dev environment for full errors and additional helpful warnings.
    at r2 (https://arena.ai/_next/static/chunks/94da1101-819810c68dfc98da.js?dpl=dpl_2dp9es1EbQ4XGLen4KuDZuDvGXTz:1:37008)
    at r3 (https://arena.ai/_next/static/chunks/94da1101-819810c68dfc98da.js?dpl=dpl_2dp9es1EbQ4XGLen4KuDZuDvGXTz:1:37901)
    at https://arena.ai/_next/static/chunks/94da1101-819810c68dfc98da.js?dpl=dpl_2dp9es1EbQ4XGLen4KuDZuDvGXTz:1:132353
    at sR (https://arena.ai/_next/static/chunks/94da1101-819810c68dfc98da.js?dpl=dpl_2dp9es1EbQ4XGLen4KuDZuDvGXTz:1:137390)
    at sI (https://arena.ai/_next/static/chunks/94da1101-819810c68dfc98da.js?dpl=dpl_2dp9es1EbQ4XGLen4KuDZuDvGXTz:1:128888)
    at https://arena.ai/_next/static/chunks/94da1101-819810c68dfc98da.js?dpl=dpl_2dp9es1EbQ4XGLen4KuDZuDvGXTz:1:124617
    at sE (https://arena.ai/_next/static/chunks/94da1101-819810c68dfc98da.js?dpl=dpl_2dp9es1EbQ4XGLen4KuDZuDvGXTz:1:124718)
    at ca (https://arena.ai/_next/static/chunks/94da1101-819810c68dfc98da.js?dpl=dpl_2dp9es1EbQ4XGLen4KuDZuDvGXTz:1:157399)
    at MessagePort.S (https://arena.ai/_next/static/chunks/88421-ce5d598f76f34bcc.js?dpl=dpl_2dp9es1EbQ4XGLen4KuDZuDvGXTz:1:18791)
[   59547ms] [ERROR] Failed to load resource: the server responded with a status of 401 () @ https://arena.ai/api/history/list?limit=20&includeArchived=false:0
[   61006ms] [ERROR] Failed to load resource: the server responded with a status of 401 () @ https://arena.ai/api/history/list?limit=20&includeArchived=false:0
[   63028ms] Error: Minified React error #418; visit https://react.dev/errors/418?args[]=text&args[]= for the full message or use the non-minified dev environment for full errors and additional helpful warnings.
    at r2 (https://arena.ai/_next/static/chunks/94da1101-819810c68dfc98da.js?dpl=dpl_2dp9es1EbQ4XGLen4KuDZuDvGXTz:1:37008)
    at r3 (https://arena.ai/_next/static/chunks/94da1101-819810c68dfc98da.js?dpl=dpl_2dp9es1EbQ4XGLen4KuDZuDvGXTz:1:37901)
    at https://arena.ai/_next/static/chunks/94da1101-819810c68dfc98da.js?dpl=dpl_2dp9es1EbQ4XGLen4KuDZuDvGXTz:1:132353
    at sR (https://arena.ai/_next/static/chunks/94da1101-819810c68dfc98da.js?dpl=dpl_2dp9es1EbQ4XGLen4KuDZuDvGXTz:1:137390)
    at sI (https://arena.ai/_next/static/chunks/94da1101-819810c68dfc98da.js?dpl=dpl_2dp9es1EbQ4XGLen4KuDZuDvGXTz:1:128888)
    at https://arena.ai/_next/static/chunks/94da1101-819810c68dfc98da.js?dpl=dpl_2dp9es1EbQ4XGLen4KuDZuDvGXTz:1:124617
    at sE (https://arena.ai/_next/static/chunks/94da1101-819810c68dfc98da.js?dpl=dpl_2dp9es1EbQ4XGLen4KuDZuDvGXTz:1:124718)
    at ca (https://arena.ai/_next/static/chunks/94da1101-819810c68dfc98da.js?dpl=dpl_2dp9es1EbQ4XGLen4KuDZuDvGXTz:1:157399)
    at MessagePort.S (https://arena.ai/_next/static/chunks/88421-ce5d598f76f34bcc.js?dpl=dpl_2dp9es1EbQ4XGLen4KuDZuDvGXTz:1:18791)
[   63461ms] [ERROR] Failed to load resource: the server responded with a status of 401 () @ https://arena.ai/api/history/list?limit=20&includeArchived=false:0
[   64904ms] [ERROR] Failed to load resource: the server responded with a status of 401 () @ https://arena.ai/api/history/list?limit=20&includeArchived=false:0
[   67362ms] [ERROR] Failed to load resource: the server responded with a status of 401 () @ https://arena.ai/api/history/list?limit=20&includeArchived=false:0
[   71155ms] [WARNING] The resource https://arena.ai/_next/static/media/d7df244fe7b07b95-s.p.woff2?dpl=dpl_2dp9es1EbQ4XGLen4KuDZuDvGXTz was preloaded using link preload but not used within a few seconds from the window's load event. Please make sure it has an appropriate `as` value and it is preloaded intentionally. @ https://arena.ai/leaderboard/image-to-video:0
[   71155ms] [WARNING] The resource https://arena.ai/_next/static/media/0e96d314a90a6138-s.p.woff2?dpl=dpl_2dp9es1EbQ4XGLen4KuDZuDvGXTz was preloaded using link preload but not used within a few seconds from the window's load event. Please make sure it has an appropriate `as` value and it is preloaded intentionally. @ https://arena.ai/leaderboard/image-to-video:0
[   71155ms] [WARNING] The resource https://arena.ai/_next/static/media/9dcef913907d177d-s.p.woff2?dpl=dpl_2dp9es1EbQ4XGLen4KuDZuDvGXTz was preloaded using link preload but not used within a few seconds from the window's load event. Please make sure it has an appropriate `as` value and it is preloaded intentionally. @ https://arena.ai/leaderboard/image-to-video:0
[   71155ms] [WARNING] The resource https://arena.ai/_next/static/media/0a7dccb9ebe20c72-s.p.woff2?dpl=dpl_2dp9es1EbQ4XGLen4KuDZuDvGXTz was preloaded using link preload but not used within a few seconds from the window's load event. Please make sure it has an appropriate `as` value and it is preloaded intentionally. @ https://arena.ai/leaderboard/image-to-video:0
[   71155ms] [WARNING] The resource https://arena.ai/_next/static/media/d00ac9cf364fead5-s.p.woff2?dpl=dpl_2dp9es1EbQ4XGLen4KuDZuDvGXTz was preloaded using link preload but not used within a few seconds from the window's load event. Please make sure it has an appropriate `as` value and it is preloaded intentionally. @ https://arena.ai/leaderboard/image-to-video:0
[   71155ms] [WARNING] The resource https://arena.ai/_next/static/media/76fcc95954fbfc88-s.p.woff2?dpl=dpl_2dp9es1EbQ4XGLen4KuDZuDvGXTz was preloaded using link preload but not used within a few seconds from the window's load event. Please make sure it has an appropriate `as` value and it is preloaded intentionally. @ https://arena.ai/leaderboard/image-to-video:0
[   71155ms] [WARNING] The resource https://arena.ai/_next/static/media/e4af272ccee01ff0-s.p.woff2?dpl=dpl_2dp9es1EbQ4XGLen4KuDZuDvGXTz was preloaded using link preload but not used within a few seconds from the window's load event. Please make sure it has an appropriate `as` value and it is preloaded intentionally. @ https://arena.ai/leaderboard/image-to-video:0
[   71155ms] [WARNING] The resource https://arena.ai/_next/static/media/121b8959500e2dbb-s.p.woff2?dpl=dpl_2dp9es1EbQ4XGLen4KuDZuDvGXTz was preloaded using link preload but not used within a few seconds from the window's load event. Please make sure it has an appropriate `as` value and it is preloaded intentionally. @ https://arena.ai/leaderboard/image-to-video:0
[   71155ms] [WARNING] The resource https://arena.ai/_next/static/media/268f004ea3786b37-s.p.woff2?dpl=dpl_2dp9es1EbQ4XGLen4KuDZuDvGXTz was preloaded using link preload but not used within a few seconds from the window's load event. Please make sure it has an appropriate `as` value and it is preloaded intentionally. @ https://arena.ai/leaderboard/image-to-video:0
[   71155ms] [WARNING] The resource https://arena.ai/_next/static/media/cdf8aa7aff76506e-s.p.woff2?dpl=dpl_2dp9es1EbQ4XGLen4KuDZuDvGXTz was preloaded using link preload but not used within a few seconds from the window's load event. Please make sure it has an appropriate `as` value and it is preloaded intentionally. @ https://arena.ai/leaderboard/image-to-video:0
[   71155ms] [WARNING] The resource https://arena.ai/_next/static/media/82ebfbcf8e635787-s.p.ttf?dpl=dpl_2dp9es1EbQ4XGLen4KuDZuDvGXTz was preloaded using link preload but not used within a few seconds from the window's load event. Please make sure it has an appropriate `as` value and it is preloaded intentionally. @ https://arena.ai/leaderboard/image-to-video:0
[   71155ms] [WARNING] The resource https://arena.ai/_next/static/media/b7ea2ab4a8ad1f81-s.p.woff2?dpl=dpl_2dp9es1EbQ4XGLen4KuDZuDvGXTz was preloaded using link preload but not used within a few seconds from the window's load event. Please make sure it has an appropriate `as` value and it is preloaded intentionally. @ https://arena.ai/leaderboard/image-to-video:0
[   71155ms] [WARNING] The resource https://arena.ai/_next/static/media/5d259b4d93dec8ad-s.p.woff2?dpl=dpl_2dp9es1EbQ4XGLen4KuDZuDvGXTz was preloaded using link preload but not used within a few seconds from the window's load event. Please make sure it has an appropriate `as` value and it is preloaded intentionally. @ https://arena.ai/leaderboard/image-to-video:0
[   71155ms] [WARNING] The resource https://arena.ai/_next/static/media/129456645e506c76-s.p.woff2?dpl=dpl_2dp9es1EbQ4XGLen4KuDZuDvGXTz was preloaded using link preload but not used within a few seconds from the window's load event. Please make sure it has an appropriate `as` value and it is preloaded intentionally. @ https://arena.ai/leaderboard/image-to-video:0
[   71155ms] [WARNING] The resource https://arena.ai/_next/static/media/c4b700dcb2187787-s.p.woff2?dpl=dpl_2dp9es1EbQ4XGLen4KuDZuDvGXTz was preloaded using link preload but not used within a few seconds from the window's load event. Please make sure it has an appropriate `as` value and it is preloaded intentionally. @ https://arena.ai/leaderboard/image-to-video:0
[   71947ms] [ERROR] Failed to load resource: the server responded with a status of 401 () @ https://arena.ai/api/history/list?limit=20&includeArchived=false:0
[   74949ms] [WARNING] The resource https://arena.ai/_next/static/media/d7df244fe7b07b95-s.p.woff2?dpl=dpl_2dp9es1EbQ4XGLen4KuDZuDvGXTz was preloaded using link preload but not used within a few seconds from the window's load event. Please make sure it has an appropriate `as` value and it is preloaded intentionally. @ https://arena.ai/leaderboard/image-to-video:0
[   74949ms] [WARNING] The resource https://arena.ai/_next/static/media/0e96d314a90a6138-s.p.woff2?dpl=dpl_2dp9es1EbQ4XGLen4KuDZuDvGXTz was preloaded using link preload but not used within a few seconds from the window's load event. Please make sure it has an appropriate `as` value and it is preloaded intentionally. @ https://arena.ai/leaderboard/image-to-video:0
[   74949ms] [WARNING] The resource https://arena.ai/_next/static/media/9dcef913907d177d-s.p.woff2?dpl=dpl_2dp9es1EbQ4XGLen4KuDZuDvGXTz was preloaded using link preload but not used within a few seconds from the window's load event. Please make sure it has an appropriate `as` value and it is preloaded intentionally. @ https://arena.ai/leaderboard/image-to-video:0
[   74949ms] [WARNING] The resource https://arena.ai/_next/static/media/0a7dccb9ebe20c72-s.p.woff2?dpl=dpl_2dp9es1EbQ4XGLen4KuDZuDvGXTz was preloaded using link preload but not used within a few seconds from the window's load event. Please make sure it has an appropriate `as` value and it is preloaded intentionally. @ https://arena.ai/leaderboard/image-to-video:0
[   74949ms] [WARNING] The resource https://arena.ai/_next/static/media/d00ac9cf364fead5-s.p.woff2?dpl=dpl_2dp9es1EbQ4XGLen4KuDZuDvGXTz was preloaded using link preload but not used within a few seconds from the window's load event. Please make sure it has an appropriate `as` value and it is preloaded intentionally. @ https://arena.ai/leaderboard/image-to-video:0
[   74949ms] [WARNING] The resource https://arena.ai/_next/static/media/76fcc95954fbfc88-s.p.woff2?dpl=dpl_2dp9es1EbQ4XGLen4KuDZuDvGXTz was preloaded using link preload but not used within a few seconds from the window's load event. Please make sure it has an appropriate `as` value and it is preloaded intentionally. @ https://arena.ai/leaderboard/image-to-video:0
[   74949ms] [WARNING] The resource https://arena.ai/_next/static/media/e4af272ccee01ff0-s.p.woff2?dpl=dpl_2dp9es1EbQ4XGLen4KuDZuDvGXTz was preloaded using link preload but not used within a few seconds from the window's load event. Please make sure it has an appropriate `as` value and it is preloaded intentionally. @ https://arena.ai/leaderboard/image-to-video:0
[   74949ms] [WARNING] The resource https://arena.ai/_next/static/media/121b8959500e2dbb-s.p.woff2?dpl=dpl_2dp9es1EbQ4XGLen4KuDZuDvGXTz was preloaded using link preload but not used within a few seconds from the window's load event. Please make sure it has an appropriate `as` value and it is preloaded intentionally. @ https://arena.ai/leaderboard/image-to-video:0
[   74949ms] [WARNING] The resource https://arena.ai/_next/static/media/268f004ea3786b37-s.p.woff2?dpl=dpl_2dp9es1EbQ4XGLen4KuDZuDvGXTz was preloaded using link preload but not used within a few seconds from the window's load event. Please make sure it has an appropriate `as` value and it is preloaded intentionally. @ https://arena.ai/leaderboard/image-to-video:0
[   74949ms] [WARNING] The resource https://arena.ai/_next/static/media/cdf8aa7aff76506e-s.p.woff2?dpl=dpl_2dp9es1EbQ4XGLen4KuDZuDvGXTz was preloaded using link preload but not used within a few seconds from the window's load event. Please make sure it has an appropriate `as` value and it is preloaded intentionally. @ https://arena.ai/leaderboard/image-to-video:0
[   74949ms] [WARNING] The resource https://arena.ai/_next/static/media/82ebfbcf8e635787-s.p.ttf?dpl=dpl_2dp9es1EbQ4XGLen4KuDZuDvGXTz was preloaded using link preload but not used within a few seconds from the window's load event. Please make sure it has an appropriate `as` value and it is preloaded intentionally. @ https://arena.ai/leaderboard/image-to-video:0
[   74949ms] [WARNING] The resource https://arena.ai/_next/static/media/b7ea2ab4a8ad1f81-s.p.woff2?dpl=dpl_2dp9es1EbQ4XGLen4KuDZuDvGXTz was preloaded using link preload but not used within a few seconds from the window's load event. Please make sure it has an appropriate `as` value and it is preloaded intentionally. @ https://arena.ai/leaderboard/image-to-video:0
[   74949ms] [WARNING] The resource https://arena.ai/_next/static/media/5d259b4d93dec8ad-s.p.woff2?dpl=dpl_2dp9es1EbQ4XGLen4KuDZuDvGXTz was preloaded using link preload but not used within a few seconds from the window's load event. Please make sure it has an appropriate `as` value and it is preloaded intentionally. @ https://arena.ai/leaderboard/image-to-video:0
[   74949ms] [WARNING] The resource https://arena.ai/_next/static/media/129456645e506c76-s.p.woff2?dpl=dpl_2dp9es1EbQ4XGLen4KuDZuDvGXTz was preloaded using link preload but not used within a few seconds from the window's load event. Please make sure it has an appropriate `as` value and it is preloaded intentionally. @ https://arena.ai/leaderboard/image-to-video:0
[   74950ms] [WARNING] The resource https://arena.ai/_next/static/media/c4b700dcb2187787-s.p.woff2?dpl=dpl_2dp9es1EbQ4XGLen4KuDZuDvGXTz was preloaded using link preload but not used within a few seconds from the window's load event. Please make sure it has an appropriate `as` value and it is preloaded intentionally. @ https://arena.ai/leaderboard/image-to-video:0
[   89864ms] [ERROR] Failed to load resource: the server responded with a status of 401 () @ https://arena.ai/api/history/list?limit=20&includeArchived=false:0
[   91350ms] [ERROR] Failed to load resource: the server responded with a status of 401 () @ https://arena.ai/api/history/list?limit=20&includeArchived=false:0
[   94804ms] [ERROR] Failed to load resource: the server responded with a status of 401 () @ https://arena.ai/api/history/list?limit=20&includeArchived=false:0
[   96393ms] [ERROR] Failed to load resource: the server responded with a status of 401 () @ https://arena.ai/api/history/list?limit=20&includeArchived=false:0
[   99248ms] [ERROR] Failed to load resource: the server responded with a status of 401 () @ https://arena.ai/api/history/list?limit=20&includeArchived=false:0
[  100945ms] [ERROR] Failed to load resource: the server responded with a status of 401 () @ https://arena.ai/api/history/list?limit=20&includeArchived=false:0
[  101547ms] [ERROR] %c%d font-size:0;color:transparent NaN @ https://challenges.cloudflare.com/cdn-cgi/challenge-platform/h/g/turnstile/f/ov2/av0/rch/teu1t/0x4AAAAAAA65vWDmG-O_lPtT/light/fbE/new/normal?lang=auto:0
[  101547ms] [ERROR] %c%d font-size:0;color:transparent NaN @ https://challenges.cloudflare.com/cdn-cgi/challenge-platform/h/g/turnstile/f/ov2/av0/rch/teu1t/0x4AAAAAAA65vWDmG-O_lPtT/light/fbE/new/normal?lang=auto:0
[  101548ms] [WARNING] %c%d font-size:0;color:transparent NaN @ https://challenges.cloudflare.com/cdn-cgi/challenge-platform/h/g/turnstile/f/ov2/av0/rch/teu1t/0x4AAAAAAA65vWDmG-O_lPtT/light/fbE/new/normal?lang=auto:0
[  101548ms] [WARNING] %c%d font-size:0;color:transparent NaN @ https://challenges.cloudflare.com/cdn-cgi/challenge-platform/h/g/turnstile/f/ov2/av0/rch/teu1t/0x4AAAAAAA65vWDmG-O_lPtT/light/fbE/new/normal?lang=auto:0
[  101615ms] [ERROR]  Note that 'script-src' was not explicitly set, so 'default-src' is used as a fallback. @ https://challenges.cloudflare.com/cdn-cgi/challenge-platform/h/g/turnstile/f/ov2/av0/rch/teu1t/0x4AAAAAAA65vWDmG-O_lPtT/light/fbE/new/normal?lang=auto:0
[  101945ms] [ERROR] Failed to load resource: the server responded with a status of 401 () @ https://challenges.cloudflare.com/cdn-cgi/challenge-platform/h/g/pat/9d65d572b802896e/1772511471292/87cdfe4435c593bd497a60f657abb8f816c3ff4b0973a75f2b45b15d9864e864/IDtdMwUQYGEk5rZ:0
[  103404ms] [ERROR] Failed to load resource: the server responded with a status of 401 () @ https://arena.ai/api/history/list?limit=20&includeArchived=false:0
[  106097ms] Error: Minified React error #418; visit https://react.dev/errors/418?args[]=text&args[]= for the full message or use the non-minified dev environment for full errors and additional helpful warnings.
    at r2 (https://arena.ai/_next/static/chunks/94da1101-819810c68dfc98da.js?dpl=dpl_2dp9es1EbQ4XGLen4KuDZuDvGXTz:1:37008)
    at r3 (https://arena.ai/_next/static/chunks/94da1101-819810c68dfc98da.js?dpl=dpl_2dp9es1EbQ4XGLen4KuDZuDvGXTz:1:37901)
    at https://arena.ai/_next/static/chunks/94da1101-819810c68dfc98da.js?dpl=dpl_2dp9es1EbQ4XGLen4KuDZuDvGXTz:1:132353
    at sR (https://arena.ai/_next/static/chunks/94da1101-819810c68dfc98da.js?dpl=dpl_2dp9es1EbQ4XGLen4KuDZuDvGXTz:1:137390)
    at sI (https://arena.ai/_next/static/chunks/94da1101-819810c68dfc98da.js?dpl=dpl_2dp9es1EbQ4XGLen4KuDZuDvGXTz:1:128888)
    at https://arena.ai/_next/static/chunks/94da1101-819810c68dfc98da.js?dpl=dpl_2dp9es1EbQ4XGLen4KuDZuDvGXTz:1:124617
    at sE (https://arena.ai/_next/static/chunks/94da1101-819810c68dfc98da.js?dpl=dpl_2dp9es1EbQ4XGLen4KuDZuDvGXTz:1:124718)
    at ca (https://arena.ai/_next/static/chunks/94da1101-819810c68dfc98da.js?dpl=dpl_2dp9es1EbQ4XGLen4KuDZuDvGXTz:1:157399)
    at MessagePort.S (https://arena.ai/_next/static/chunks/88421-ce5d598f76f34bcc.js?dpl=dpl_2dp9es1EbQ4XGLen4KuDZuDvGXTz:1:18791)
[  110361ms] Error: Minified React error #418; visit https://react.dev/errors/418?args[]=text&args[]= for the full message or use the non-minified dev environment for full errors and additional helpful warnings.
    at r2 (https://arena.ai/_next/static/chunks/94da1101-819810c68dfc98da.js?dpl=dpl_2dp9es1EbQ4XGLen4KuDZuDvGXTz:1:37008)
    at r3 (https://arena.ai/_next/static/chunks/94da1101-819810c68dfc98da.js?dpl=dpl_2dp9es1EbQ4XGLen4KuDZuDvGXTz:1:37901)
    at https://arena.ai/_next/static/chunks/94da1101-819810c68dfc98da.js?dpl=dpl_2dp9es1EbQ4XGLen4KuDZuDvGXTz:1:132353
    at sR (https://arena.ai/_next/static/chunks/94da1101-819810c68dfc98da.js?dpl=dpl_2dp9es1EbQ4XGLen4KuDZuDvGXTz:1:137390)
    at sI (https://arena.ai/_next/static/chunks/94da1101-819810c68dfc98da.js?dpl=dpl_2dp9es1EbQ4XGLen4KuDZuDvGXTz:1:128888)
    at https://arena.ai/_next/static/chunks/94da1101-819810c68dfc98da.js?dpl=dpl_2dp9es1EbQ4XGLen4KuDZuDvGXTz:1:124617
    at sE (https://arena.ai/_next/static/chunks/94da1101-819810c68dfc98da.js?dpl=dpl_2dp9es1EbQ4XGLen4KuDZuDvGXTz:1:124718)
    at ca (https://arena.ai/_next/static/chunks/94da1101-819810c68dfc98da.js?dpl=dpl_2dp9es1EbQ4XGLen4KuDZuDvGXTz:1:157399)
    at MessagePort.S (https://arena.ai/_next/static/chunks/88421-ce5d598f76f34bcc.js?dpl=dpl_2dp9es1EbQ4XGLen4KuDZuDvGXTz:1:18791)
[  118095ms] Error: Minified React error #418; visit https://react.dev/errors/418?args[]=text&args[]= for the full message or use the non-minified dev environment for full errors and additional helpful warnings.
    at r2 (https://arena.ai/_next/static/chunks/94da1101-819810c68dfc98da.js?dpl=dpl_2dp9es1EbQ4XGLen4KuDZuDvGXTz:1:37008)
    at r3 (https://arena.ai/_next/static/chunks/94da1101-819810c68dfc98da.js?dpl=dpl_2dp9es1EbQ4XGLen4KuDZuDvGXTz:1:37901)
    at https://arena.ai/_next/static/chunks/94da1101-819810c68dfc98da.js?dpl=dpl_2dp9es1EbQ4XGLen4KuDZuDvGXTz:1:132353
    at sR (https://arena.ai/_next/static/chunks/94da1101-819810c68dfc98da.js?dpl=dpl_2dp9es1EbQ4XGLen4KuDZuDvGXTz:1:137390)
    at sI (https://arena.ai/_next/static/chunks/94da1101-819810c68dfc98da.js?dpl=dpl_2dp9es1EbQ4XGLen4KuDZuDvGXTz:1:128888)
    at https://arena.ai/_next/static/chunks/94da1101-819810c68dfc98da.js?dpl=dpl_2dp9es1EbQ4XGLen4KuDZuDvGXTz:1:124617
    at sE (https://arena.ai/_next/static/chunks/94da1101-819810c68dfc98da.js?dpl=dpl_2dp9es1EbQ4XGLen4KuDZuDvGXTz:1:124718)
    at ca (https://arena.ai/_next/static/chunks/94da1101-819810c68dfc98da.js?dpl=dpl_2dp9es1EbQ4XGLen4KuDZuDvGXTz:1:157399)
    at MessagePort.S (https://arena.ai/_next/static/chunks/88421-ce5d598f76f34bcc.js?dpl=dpl_2dp9es1EbQ4XGLen4KuDZuDvGXTz:1:18791)
[  121541ms] Error: Minified React error #418; visit https://react.dev/errors/418?args[]=text&args[]= for the full message or use the non-minified dev environment for full errors and additional helpful warnings.
    at r2 (https://arena.ai/_next/static/chunks/94da1101-819810c68dfc98da.js?dpl=dpl_2dp9es1EbQ4XGLen4KuDZuDvGXTz:1:37008)
    at r3 (https://arena.ai/_next/static/chunks/94da1101-819810c68dfc98da.js?dpl=dpl_2dp9es1EbQ4XGLen4KuDZuDvGXTz:1:37901)
    at https://arena.ai/_next/static/chunks/94da1101-819810c68dfc98da.js?dpl=dpl_2dp9es1EbQ4XGLen4KuDZuDvGXTz:1:132353
    at sR (https://arena.ai/_next/static/chunks/94da1101-819810c68dfc98da.js?dpl=dpl_2dp9es1EbQ4XGLen4KuDZuDvGXTz:1:137390)
    at sI (https://arena.ai/_next/static/chunks/94da1101-819810c68dfc98da.js?dpl=dpl_2dp9es1EbQ4XGLen4KuDZuDvGXTz:1:128888)
    at https://arena.ai/_next/static/chunks/94da1101-819810c68dfc98da.js?dpl=dpl_2dp9es1EbQ4XGLen4KuDZuDvGXTz:1:124617
    at sE (https://arena.ai/_next/static/chunks/94da1101-819810c68dfc98da.js?dpl=dpl_2dp9es1EbQ4XGLen4KuDZuDvGXTz:1:124718)
    at ca (https://arena.ai/_next/static/chunks/94da1101-819810c68dfc98da.js?dpl=dpl_2dp9es1EbQ4XGLen4KuDZuDvGXTz:1:157399)
    at MessagePort.S (https://arena.ai/_next/static/chunks/88421-ce5d598f76f34bcc.js?dpl=dpl_2dp9es1EbQ4XGLen4KuDZuDvGXTz:1:18791)
[  137824ms] [WARNING] The resource https://arena.ai/_next/static/media/d7df244fe7b07b95-s.p.woff2?dpl=dpl_2dp9es1EbQ4XGLen4KuDZuDvGXTz was preloaded using link preload but not used within a few seconds from the window's load event. Please make sure it has an appropriate `as` value and it is preloaded intentionally. @ https://arena.ai/leaderboard/image-to-video:0
[  137824ms] [WARNING] The resource https://arena.ai/_next/static/media/0e96d314a90a6138-s.p.woff2?dpl=dpl_2dp9es1EbQ4XGLen4KuDZuDvGXTz was preloaded using link preload but not used within a few seconds from the window's load event. Please make sure it has an appropriate `as` value and it is preloaded intentionally. @ https://arena.ai/leaderboard/image-to-video:0
[  137824ms] [WARNING] The resource https://arena.ai/_next/static/media/9dcef913907d177d-s.p.woff2?dpl=dpl_2dp9es1EbQ4XGLen4KuDZuDvGXTz was preloaded using link preload but not used within a few seconds from the window's load event. Please make sure it has an appropriate `as` value and it is preloaded intentionally. @ https://arena.ai/leaderboard/image-to-video:0
[  137824ms] [WARNING] The resource https://arena.ai/_next/static/media/0a7dccb9ebe20c72-s.p.woff2?dpl=dpl_2dp9es1EbQ4XGLen4KuDZuDvGXTz was preloaded using link preload but not used within a few seconds from the window's load event. Please make sure it has an appropriate `as` value and it is preloaded intentionally. @ https://arena.ai/leaderboard/image-to-video:0
[  137824ms] [WARNING] The resource https://arena.ai/_next/static/media/d00ac9cf364fead5-s.p.woff2?dpl=dpl_2dp9es1EbQ4XGLen4KuDZuDvGXTz was preloaded using link preload but not used within a few seconds from the window's load event. Please make sure it has an appropriate `as` value and it is preloaded intentionally. @ https://arena.ai/leaderboard/image-to-video:0
[  137824ms] [WARNING] The resource https://arena.ai/_next/static/media/76fcc95954fbfc88-s.p.woff2?dpl=dpl_2dp9es1EbQ4XGLen4KuDZuDvGXTz was preloaded using link preload but not used within a few seconds from the window's load event. Please make sure it has an appropriate `as` value and it is preloaded intentionally. @ https://arena.ai/leaderboard/image-to-video:0
[  137824ms] [WARNING] The resource https://arena.ai/_next/static/media/e4af272ccee01ff0-s.p.woff2?dpl=dpl_2dp9es1EbQ4XGLen4KuDZuDvGXTz was preloaded using link preload but not used within a few seconds from the window's load event. Please make sure it has an appropriate `as` value and it is preloaded intentionally. @ https://arena.ai/leaderboard/image-to-video:0
[  137824ms] [WARNING] The resource https://arena.ai/_next/static/media/121b8959500e2dbb-s.p.woff2?dpl=dpl_2dp9es1EbQ4XGLen4KuDZuDvGXTz was preloaded using link preload but not used within a few seconds from the window's load event. Please make sure it has an appropriate `as` value and it is preloaded intentionally. @ https://arena.ai/leaderboard/image-to-video:0
[  137824ms] [WARNING] The resource https://arena.ai/_next/static/media/268f004ea3786b37-s.p.woff2?dpl=dpl_2dp9es1EbQ4XGLen4KuDZuDvGXTz was preloaded using link preload but not used within a few seconds from the window's load event. Please make sure it has an appropriate `as` value and it is preloaded intentionally. @ https://arena.ai/leaderboard/image-to-video:0
[  137824ms] [WARNING] The resource https://arena.ai/_next/static/media/cdf8aa7aff76506e-s.p.woff2?dpl=dpl_2dp9es1EbQ4XGLen4KuDZuDvGXTz was preloaded using link preload but not used within a few seconds from the window's load event. Please make sure it has an appropriate `as` value and it is preloaded intentionally. @ https://arena.ai/leaderboard/image-to-video:0
[  137824ms] [WARNING] The resource https://arena.ai/_next/static/media/82ebfbcf8e635787-s.p.ttf?dpl=dpl_2dp9es1EbQ4XGLen4KuDZuDvGXTz was preloaded using link preload but not used within a few seconds from the window's load event. Please make sure it has an appropriate `as` value and it is preloaded intentionally. @ https://arena.ai/leaderboard/image-to-video:0
[  137824ms] [WARNING] The resource https://arena.ai/_next/static/media/b7ea2ab4a8ad1f81-s.p.woff2?dpl=dpl_2dp9es1EbQ4XGLen4KuDZuDvGXTz was preloaded using link preload but not used within a few seconds from the window's load event. Please make sure it has an appropriate `as` value and it is preloaded intentionally. @ https://arena.ai/leaderboard/image-to-video:0
[  137824ms] [WARNING] The resource https://arena.ai/_next/static/media/5d259b4d93dec8ad-s.p.woff2?dpl=dpl_2dp9es1EbQ4XGLen4KuDZuDvGXTz was preloaded using link preload but not used within a few seconds from the window's load event. Please make sure it has an appropriate `as` value and it is preloaded intentionally. @ https://arena.ai/leaderboard/image-to-video:0
[  137824ms] [WARNING] The resource https://arena.ai/_next/static/media/129456645e506c76-s.p.woff2?dpl=dpl_2dp9es1EbQ4XGLen4KuDZuDvGXTz was preloaded using link preload but not used within a few seconds from the window's load event. Please make sure it has an appropriate `as` value and it is preloaded intentionally. @ https://arena.ai/leaderboard/image-to-video:0
[  137824ms] [WARNING] The resource https://arena.ai/_next/static/media/c4b700dcb2187787-s.p.woff2?dpl=dpl_2dp9es1EbQ4XGLen4KuDZuDvGXTz was preloaded using link preload but not used within a few seconds from the window's load event. Please make sure it has an appropriate `as` value and it is preloaded intentionally. @ https://arena.ai/leaderboard/image-to-video:0
[  139616ms] [ERROR] Access to fetch at 'https://jobs.ashbyhq.com/arena' (redirected from 'https://arena.ai/jobs?_rsc=1um8c') from origin 'https://arena.ai' has been blocked by CORS policy: Response to preflight request doesn't pass access control check: No 'Access-Control-Allow-Origin' header is present on the requested resource. @ https://arena.ai/leaderboard/image-to-video:0
[  139616ms] [ERROR] Failed to load resource: net::ERR_FAILED @ https://jobs.ashbyhq.com/arena:0
[  139617ms] [ERROR] Failed to fetch RSC payload for https://arena.ai/jobs. Falling back to browser navigation. TypeError: Failed to fetch
    at y (https://arena.ai/_next/static/chunks/88421-ce5d598f76f34bcc.js?dpl=dpl_2dp9es1EbQ4XGLen4KuDZuDvGXTz:1:114099)
    at _ (https://arena.ai/_next/static/chunks/88421-ce5d598f76f34bcc.js?dpl=dpl_2dp9es1EbQ4XGLen4KuDZuDvGXTz:1:112954)
    at https://arena.ai/_next/static/chunks/88421-ce5d598f76f34bcc.js?dpl=dpl_2dp9es1EbQ4XGLen4KuDZuDvGXTz:1:53508
    at Object.l [as task] (https://arena.ai/_next/static/chunks/88421-ce5d598f76f34bcc.js?dpl=dpl_2dp9es1EbQ4XGLen4KuDZuDvGXTz:1:123121)
    at s.c (https://arena.ai/_next/static/chunks/88421-ce5d598f76f34bcc.js?dpl=dpl_2dp9es1EbQ4XGLen4KuDZuDvGXTz:1:123826)
    at Object.l [as task] (https://arena.ai/_next/static/chunks/88421-ce5d598f76f34bcc.js?dpl=dpl_2dp9es1EbQ4XGLen4KuDZuDvGXTz:1:123183) @ https://arena.ai/_next/static/chunks/88421-ce5d598f76f34bcc.js?dpl=dpl_2dp9es1EbQ4XGLen4KuDZuDvGXTz:0
[  153529ms] Error: Minified React error #418; visit https://react.dev/errors/418?args[]=text&args[]= for the full message or use the non-minified dev environment for full errors and additional helpful warnings.
    at r2 (https://arena.ai/_next/static/chunks/94da1101-819810c68dfc98da.js?dpl=dpl_2dp9es1EbQ4XGLen4KuDZuDvGXTz:1:37008)
    at r3 (https://arena.ai/_next/static/chunks/94da1101-819810c68dfc98da.js?dpl=dpl_2dp9es1EbQ4XGLen4KuDZuDvGXTz:1:37901)
    at https://arena.ai/_next/static/chunks/94da1101-819810c68dfc98da.js?dpl=dpl_2dp9es1EbQ4XGLen4KuDZuDvGXTz:1:132353
    at sR (https://arena.ai/_next/static/chunks/94da1101-819810c68dfc98da.js?dpl=dpl_2dp9es1EbQ4XGLen4KuDZuDvGXTz:1:137390)
    at sI (https://arena.ai/_next/static/chunks/94da1101-819810c68dfc98da.js?dpl=dpl_2dp9es1EbQ4XGLen4KuDZuDvGXTz:1:128888)
    at https://arena.ai/_next/static/chunks/94da1101-819810c68dfc98da.js?dpl=dpl_2dp9es1EbQ4XGLen4KuDZuDvGXTz:1:124617
    at sE (https://arena.ai/_next/static/chunks/94da1101-819810c68dfc98da.js?dpl=dpl_2dp9es1EbQ4XGLen4KuDZuDvGXTz:1:124718)
    at ca (https://arena.ai/_next/static/chunks/94da1101-819810c68dfc98da.js?dpl=dpl_2dp9es1EbQ4XGLen4KuDZuDvGXTz:1:157399)
    at MessagePort.S (https://arena.ai/_next/static/chunks/88421-ce5d598f76f34bcc.js?dpl=dpl_2dp9es1EbQ4XGLen4KuDZuDvGXTz:1:18791)
[  158000ms] Error: Minified React error #418; visit https://react.dev/errors/418?args[]=text&args[]= for the full message or use the non-minified dev environment for full errors and additional helpful warnings.
    at r2 (https://arena.ai/_next/static/chunks/94da1101-819810c68dfc98da.js?dpl=dpl_2dp9es1EbQ4XGLen4KuDZuDvGXTz:1:37008)
    at r3 (https://arena.ai/_next/static/chunks/94da1101-819810c68dfc98da.js?dpl=dpl_2dp9es1EbQ4XGLen4KuDZuDvGXTz:1:37901)
    at https://arena.ai/_next/static/chunks/94da1101-819810c68dfc98da.js?dpl=dpl_2dp9es1EbQ4XGLen4KuDZuDvGXTz:1:132353
    at sR (https://arena.ai/_next/static/chunks/94da1101-819810c68dfc98da.js?dpl=dpl_2dp9es1EbQ4XGLen4KuDZuDvGXTz:1:137390)
    at sI (https://arena.ai/_next/static/chunks/94da1101-819810c68dfc98da.js?dpl=dpl_2dp9es1EbQ4XGLen4KuDZuDvGXTz:1:128888)
    at https://arena.ai/_next/static/chunks/94da1101-819810c68dfc98da.js?dpl=dpl_2dp9es1EbQ4XGLen4KuDZuDvGXTz:1:124617
    at sE (https://arena.ai/_next/static/chunks/94da1101-819810c68dfc98da.js?dpl=dpl_2dp9es1EbQ4XGLen4KuDZuDvGXTz:1:124718)
    at ca (https://arena.ai/_next/static/chunks/94da1101-819810c68dfc98da.js?dpl=dpl_2dp9es1EbQ4XGLen4KuDZuDvGXTz:1:157399)
    at MessagePort.S (https://arena.ai/_next/static/chunks/88421-ce5d598f76f34bcc.js?dpl=dpl_2dp9es1EbQ4XGLen4KuDZuDvGXTz:1:18791)
[  165581ms] Error: Minified React error #418; visit https://react.dev/errors/418?args[]=text&args[]= for the full message or use the non-minified dev environment for full errors and additional helpful warnings.
    at r2 (https://arena.ai/_next/static/chunks/94da1101-819810c68dfc98da.js?dpl=dpl_2dp9es1EbQ4XGLen4KuDZuDvGXTz:1:37008)
    at r3 (https://arena.ai/_next/static/chunks/94da1101-819810c68dfc98da.js?dpl=dpl_2dp9es1EbQ4XGLen4KuDZuDvGXTz:1:37901)
    at https://arena.ai/_next/static/chunks/94da1101-819810c68dfc98da.js?dpl=dpl_2dp9es1EbQ4XGLen4KuDZuDvGXTz:1:132353
    at sR (https://arena.ai/_next/static/chunks/94da1101-819810c68dfc98da.js?dpl=dpl_2dp9es1EbQ4XGLen4KuDZuDvGXTz:1:137390)
    at sI (https://arena.ai/_next/static/chunks/94da1101-819810c68dfc98da.js?dpl=dpl_2dp9es1EbQ4XGLen4KuDZuDvGXTz:1:128888)
    at https://arena.ai/_next/static/chunks/94da1101-819810c68dfc98da.js?dpl=dpl_2dp9es1EbQ4XGLen4KuDZuDvGXTz:1:124617
    at sE (https://arena.ai/_next/static/chunks/94da1101-819810c68dfc98da.js?dpl=dpl_2dp9es1EbQ4XGLen4KuDZuDvGXTz:1:124718)
    at ca (https://arena.ai/_next/static/chunks/94da1101-819810c68dfc98da.js?dpl=dpl_2dp9es1EbQ4XGLen4KuDZuDvGXTz:1:157399)
    at MessagePort.S (https://arena.ai/_next/static/chunks/88421-ce5d598f76f34bcc.js?dpl=dpl_2dp9es1EbQ4XGLen4KuDZuDvGXTz:1:18791)
[  169491ms] Error: Minified React error #418; visit https://react.dev/errors/418?args[]=text&args[]= for the full message or use the non-minified dev environment for full errors and additional helpful warnings.
    at r2 (https://arena.ai/_next/static/chunks/94da1101-819810c68dfc98da.js?dpl=dpl_2dp9es1EbQ4XGLen4KuDZuDvGXTz:1:37008)
    at r3 (https://arena.ai/_next/static/chunks/94da1101-819810c68dfc98da.js?dpl=dpl_2dp9es1EbQ4XGLen4KuDZuDvGXTz:1:37901)
    at https://arena.ai/_next/static/chunks/94da1101-819810c68dfc98da.js?dpl=dpl_2dp9es1EbQ4XGLen4KuDZuDvGXTz:1:132353
    at sR (https://arena.ai/_next/static/chunks/94da1101-819810c68dfc98da.js?dpl=dpl_2dp9es1EbQ4XGLen4KuDZuDvGXTz:1:137390)
    at sI (https://arena.ai/_next/static/chunks/94da1101-819810c68dfc98da.js?dpl=dpl_2dp9es1EbQ4XGLen4KuDZuDvGXTz:1:128888)
    at https://arena.ai/_next/static/chunks/94da1101-819810c68dfc98da.js?dpl=dpl_2dp9es1EbQ4XGLen4KuDZuDvGXTz:1:124617
    at sE (https://arena.ai/_next/static/chunks/94da1101-819810c68dfc98da.js?dpl=dpl_2dp9es1EbQ4XGLen4KuDZuDvGXTz:1:124718)
    at ca (https://arena.ai/_next/static/chunks/94da1101-819810c68dfc98da.js?dpl=dpl_2dp9es1EbQ4XGLen4KuDZuDvGXTz:1:157399)
    at MessagePort.S (https://arena.ai/_next/static/chunks/88421-ce5d598f76f34bcc.js?dpl=dpl_2dp9es1EbQ4XGLen4KuDZuDvGXTz:1:18791)
