[    1160ms] [WARNING] document.domain mutation is ignored because the surrounding agent cluster is origin-keyed. @ https://console.bce.baidu.com/asset/monitor/bce_monitor_session.html:43
[    1908ms] Uncaught (in promise) TypeError: Failed to execute 'observe' on 'IntersectionObserver': parameter 1 is not of type 'Element'.
    at <anonymous> (https://bce.bdstatic.com/fe-static/baidu/bce-portal/portal-common/1.0.2038.1/10.load.js:0:6374)
    at <anonymous> (https://bce.bdstatic.com/fe-static/baidu/bce-portal/portal-common/1.0.2038.1/10.load.js:0:9602)
    at <anonymous> (https://bce.bdstatic.com/fe-static/baidu/bce-portal/portal-common/1.0.2038.1/10.load.js:0:9329)
    at <anonymous> (https://bce.bdstatic.com/fe-static/baidu/bce-portal/portal-common/1.0.2038.1/10.load.js:0:9434)
    at <anonymous> (https://bce.bdstatic.com/fe-static/baidu/bce-portal/portal-common/1.0.2038.1/10.load.js:0:8350)
    at o (https://bce.bdstatic.com/fe-static/baidu/bce-portal/portal-common/1.0.2038.1/10.load.js:0:8098)
    at <anonymous> (https://bce.bdstatic.com/fe-static/baidu/bce-portal/portal-common/1.0.2038.1/10.load.js:0:9515)
    at ol (https://bce.bdstatic.com/fe-static/baidu/bce-portal/portal-common/load.online.js:1:164747)
    at xc (https://bce.bdstatic.com/fe-static/baidu/bce-portal/portal-common/load.online.js:1:184711)
    at <anonymous> (https://bce.bdstatic.com/fe-static/baidu/bce-portal/portal-common/load.online.js:1:181367)
    at S (https://bce.bdstatic.com/fe-static/baidu/bce-portal/portal-common/load.online.js:1:201694)
    at j (https://bce.bdstatic.com/fe-static/baidu/bce-portal/portal-common/load.online.js:1:202226)
    at O.<computed> (https://bce.bdstatic.com/portal-cloud-server/online/_next/static/chunks/main-cba350316035a59c.js:0:75090)
    at j (https://bce.bdstatic.com/portal-cloud-server/online/_next/static/chunks/main-cba350316035a59c.js:0:74895)
    at M (https://bce.bdstatic.com/portal-cloud-server/online/_next/static/chunks/main-cba350316035a59c.js:0:74954)
[    1908ms] Uncaught (in promise) TypeError: Failed to execute 'observe' on 'IntersectionObserver': parameter 1 is not of type 'Element'.
    at <anonymous> (https://bce.bdstatic.com/fe-static/baidu/bce-portal/portal-common/1.0.2038.1/10.load.js:0:6374)
    at <anonymous> (https://bce.bdstatic.com/fe-static/baidu/bce-portal/portal-common/1.0.2038.1/10.load.js:0:9602)
    at <anonymous> (https://bce.bdstatic.com/fe-static/baidu/bce-portal/portal-common/1.0.2038.1/10.load.js:0:9329)
    at <anonymous> (https://bce.bdstatic.com/fe-static/baidu/bce-portal/portal-common/1.0.2038.1/10.load.js:0:9434)
    at <anonymous> (https://bce.bdstatic.com/fe-static/baidu/bce-portal/portal-common/1.0.2038.1/10.load.js:0:8350)
    at o (https://bce.bdstatic.com/fe-static/baidu/bce-portal/portal-common/1.0.2038.1/10.load.js:0:8098)
    at <anonymous> (https://bce.bdstatic.com/fe-static/baidu/bce-portal/portal-common/1.0.2038.1/10.load.js:0:9515)
    at ol (https://bce.bdstatic.com/fe-static/baidu/bce-portal/portal-common/load.online.js:1:164747)
    at xc (https://bce.bdstatic.com/fe-static/baidu/bce-portal/portal-common/load.online.js:1:184711)
    at <anonymous> (https://bce.bdstatic.com/fe-static/baidu/bce-portal/portal-common/load.online.js:1:181367)
    at S (https://bce.bdstatic.com/fe-static/baidu/bce-portal/portal-common/load.online.js:1:201694)
    at j (https://bce.bdstatic.com/fe-static/baidu/bce-portal/portal-common/load.online.js:1:202226)
    at O.<computed> (https://bce.bdstatic.com/portal-cloud-server/online/_next/static/chunks/main-cba350316035a59c.js:0:75090)
    at j (https://bce.bdstatic.com/portal-cloud-server/online/_next/static/chunks/main-cba350316035a59c.js:0:74895)
    at M (https://bce.bdstatic.com/portal-cloud-server/online/_next/static/chunks/main-cba350316035a59c.js:0:74954)
[    1929ms] Uncaught TypeError: c.match is not a function
    at BOOMR.plugins.AutoXHR.e.XMLHttpRequest.e.XMLHttpRequest.addEventListener.d.wait_for_node (https://bce.bdstatic.com/portal-cloud-server/online/_next/static/chunks/c6a528af.c31bbf70528ff589.js:0:77341)
    at <anonymous> (https://bce.bdstatic.com/portal-cloud-server/online/_next/static/chunks/c6a528af.c31bbf70528ff589.js:0:79470)
    at BOOMR.plugins.AutoXHR.e.XMLHttpRequest.e.XMLHttpRequest.addEventListener.d.mutation_cb (https://bce.bdstatic.com/portal-cloud-server/online/_next/static/chunks/c6a528af.c31bbf70528ff589.js:0:79287)
    at d (https://bce.bdstatic.com/portal-cloud-server/online/_next/static/chunks/c6a528af.c31bbf70528ff589.js:0:10883)
