[    9931ms] [WARNING] The resource https://arena.ai/_next/static/media/d7df244fe7b07b95-s.p.woff2?dpl=dpl_2dp9es1EbQ4XGLen4KuDZuDvGXTz was preloaded using link preload but not used within a few seconds from the window's load event. Please make sure it has an appropriate `as` value and it is preloaded intentionally. @ https://arena.ai/leaderboard/text:0
[    9931ms] [WARNING] The resource https://arena.ai/_next/static/media/0e96d314a90a6138-s.p.woff2?dpl=dpl_2dp9es1EbQ4XGLen4KuDZuDvGXTz was preloaded using link preload but not used within a few seconds from the window's load event. Please make sure it has an appropriate `as` value and it is preloaded intentionally. @ https://arena.ai/leaderboard/text:0
[    9931ms] [WARNING] The resource https://arena.ai/_next/static/media/9dcef913907d177d-s.p.woff2?dpl=dpl_2dp9es1EbQ4XGLen4KuDZuDvGXTz was preloaded using link preload but not used within a few seconds from the window's load event. Please make sure it has an appropriate `as` value and it is preloaded intentionally. @ https://arena.ai/leaderboard/text:0
[    9931ms] [WARNING] The resource https://arena.ai/_next/static/media/0a7dccb9ebe20c72-s.p.woff2?dpl=dpl_2dp9es1EbQ4XGLen4KuDZuDvGXTz was preloaded using link preload but not used within a few seconds from the window's load event. Please make sure it has an appropriate `as` value and it is preloaded intentionally. @ https://arena.ai/leaderboard/text:0
[    9931ms] [WARNING] The resource https://arena.ai/_next/static/media/d00ac9cf364fead5-s.p.woff2?dpl=dpl_2dp9es1EbQ4XGLen4KuDZuDvGXTz was preloaded using link preload but not used within a few seconds from the window's load event. Please make sure it has an appropriate `as` value and it is preloaded intentionally. @ https://arena.ai/leaderboard/text:0
[    9931ms] [WARNING] The resource https://arena.ai/_next/static/media/76fcc95954fbfc88-s.p.woff2?dpl=dpl_2dp9es1EbQ4XGLen4KuDZuDvGXTz was preloaded using link preload but not used within a few seconds from the window's load event. Please make sure it has an appropriate `as` value and it is preloaded intentionally. @ https://arena.ai/leaderboard/text:0
[    9931ms] [WARNING] The resource https://arena.ai/_next/static/media/e4af272ccee01ff0-s.p.woff2?dpl=dpl_2dp9es1EbQ4XGLen4KuDZuDvGXTz was preloaded using link preload but not used within a few seconds from the window's load event. Please make sure it has an appropriate `as` value and it is preloaded intentionally. @ https://arena.ai/leaderboard/text:0
[    9931ms] [WARNING] The resource https://arena.ai/_next/static/media/121b8959500e2dbb-s.p.woff2?dpl=dpl_2dp9es1EbQ4XGLen4KuDZuDvGXTz was preloaded using link preload but not used within a few seconds from the window's load event. Please make sure it has an appropriate `as` value and it is preloaded intentionally. @ https://arena.ai/leaderboard/text:0
[    9931ms] [WARNING] The resource https://arena.ai/_next/static/media/268f004ea3786b37-s.p.woff2?dpl=dpl_2dp9es1EbQ4XGLen4KuDZuDvGXTz was preloaded using link preload but not used within a few seconds from the window's load event. Please make sure it has an appropriate `as` value and it is preloaded intentionally. @ https://arena.ai/leaderboard/text:0
[    9931ms] [WARNING] The resource https://arena.ai/_next/static/media/cdf8aa7aff76506e-s.p.woff2?dpl=dpl_2dp9es1EbQ4XGLen4KuDZuDvGXTz was preloaded using link preload but not used within a few seconds from the window's load event. Please make sure it has an appropriate `as` value and it is preloaded intentionally. @ https://arena.ai/leaderboard/text:0
[    9931ms] [WARNING] The resource https://arena.ai/_next/static/media/82ebfbcf8e635787-s.p.ttf?dpl=dpl_2dp9es1EbQ4XGLen4KuDZuDvGXTz was preloaded using link preload but not used within a few seconds from the window's load event. Please make sure it has an appropriate `as` value and it is preloaded intentionally. @ https://arena.ai/leaderboard/text:0
[    9931ms] [WARNING] The resource https://arena.ai/_next/static/media/b7ea2ab4a8ad1f81-s.p.woff2?dpl=dpl_2dp9es1EbQ4XGLen4KuDZuDvGXTz was preloaded using link preload but not used within a few seconds from the window's load event. Please make sure it has an appropriate `as` value and it is preloaded intentionally. @ https://arena.ai/leaderboard/text:0
[    9931ms] [WARNING] The resource https://arena.ai/_next/static/media/5d259b4d93dec8ad-s.p.woff2?dpl=dpl_2dp9es1EbQ4XGLen4KuDZuDvGXTz was preloaded using link preload but not used within a few seconds from the window's load event. Please make sure it has an appropriate `as` value and it is preloaded intentionally. @ https://arena.ai/leaderboard/text:0
[    9931ms] [WARNING] The resource https://arena.ai/_next/static/media/129456645e506c76-s.p.woff2?dpl=dpl_2dp9es1EbQ4XGLen4KuDZuDvGXTz was preloaded using link preload but not used within a few seconds from the window's load event. Please make sure it has an appropriate `as` value and it is preloaded intentionally. @ https://arena.ai/leaderboard/text:0
[    9931ms] [WARNING] The resource https://arena.ai/_next/static/media/c4b700dcb2187787-s.p.woff2?dpl=dpl_2dp9es1EbQ4XGLen4KuDZuDvGXTz was preloaded using link preload but not used within a few seconds from the window's load event. Please make sure it has an appropriate `as` value and it is preloaded intentionally. @ https://arena.ai/leaderboard/text:0
[   47425ms] Error: Minified React error #418; visit https://react.dev/errors/418?args[]=text&args[]= for the full message or use the non-minified dev environment for full errors and additional helpful warnings.
    at r2 (https://arena.ai/_next/static/chunks/94da1101-819810c68dfc98da.js?dpl=dpl_2dp9es1EbQ4XGLen4KuDZuDvGXTz:1:37008)
    at r3 (https://arena.ai/_next/static/chunks/94da1101-819810c68dfc98da.js?dpl=dpl_2dp9es1EbQ4XGLen4KuDZuDvGXTz:1:37901)
    at https://arena.ai/_next/static/chunks/94da1101-819810c68dfc98da.js?dpl=dpl_2dp9es1EbQ4XGLen4KuDZuDvGXTz:1:132353
    at sR (https://arena.ai/_next/static/chunks/94da1101-819810c68dfc98da.js?dpl=dpl_2dp9es1EbQ4XGLen4KuDZuDvGXTz:1:137390)
    at sI (https://arena.ai/_next/static/chunks/94da1101-819810c68dfc98da.js?dpl=dpl_2dp9es1EbQ4XGLen4KuDZuDvGXTz:1:128888)
    at https://arena.ai/_next/static/chunks/94da1101-819810c68dfc98da.js?dpl=dpl_2dp9es1EbQ4XGLen4KuDZuDvGXTz:1:124617
    at sE (https://arena.ai/_next/static/chunks/94da1101-819810c68dfc98da.js?dpl=dpl_2dp9es1EbQ4XGLen4KuDZuDvGXTz:1:124718)
    at ca (https://arena.ai/_next/static/chunks/94da1101-819810c68dfc98da.js?dpl=dpl_2dp9es1EbQ4XGLen4KuDZuDvGXTz:1:157399)
    at MessagePort.S (https://arena.ai/_next/static/chunks/88421-ce5d598f76f34bcc.js?dpl=dpl_2dp9es1EbQ4XGLen4KuDZuDvGXTz:1:18791)
[   51445ms] Error: Minified React error #418; visit https://react.dev/errors/418?args[]=text&args[]= for the full message or use the non-minified dev environment for full errors and additional helpful warnings.
    at r2 (https://arena.ai/_next/static/chunks/94da1101-819810c68dfc98da.js?dpl=dpl_2dp9es1EbQ4XGLen4KuDZuDvGXTz:1:37008)
    at r3 (https://arena.ai/_next/static/chunks/94da1101-819810c68dfc98da.js?dpl=dpl_2dp9es1EbQ4XGLen4KuDZuDvGXTz:1:37901)
    at https://arena.ai/_next/static/chunks/94da1101-819810c68dfc98da.js?dpl=dpl_2dp9es1EbQ4XGLen4KuDZuDvGXTz:1:132353
    at sR (https://arena.ai/_next/static/chunks/94da1101-819810c68dfc98da.js?dpl=dpl_2dp9es1EbQ4XGLen4KuDZuDvGXTz:1:137390)
    at sI (https://arena.ai/_next/static/chunks/94da1101-819810c68dfc98da.js?dpl=dpl_2dp9es1EbQ4XGLen4KuDZuDvGXTz:1:128888)
    at https://arena.ai/_next/static/chunks/94da1101-819810c68dfc98da.js?dpl=dpl_2dp9es1EbQ4XGLen4KuDZuDvGXTz:1:124617
    at sE (https://arena.ai/_next/static/chunks/94da1101-819810c68dfc98da.js?dpl=dpl_2dp9es1EbQ4XGLen4KuDZuDvGXTz:1:124718)
    at ca (https://arena.ai/_next/static/chunks/94da1101-819810c68dfc98da.js?dpl=dpl_2dp9es1EbQ4XGLen4KuDZuDvGXTz:1:157399)
    at MessagePort.S (https://arena.ai/_next/static/chunks/88421-ce5d598f76f34bcc.js?dpl=dpl_2dp9es1EbQ4XGLen4KuDZuDvGXTz:1:18791)
[   51877ms] [ERROR] Failed to load resource: the server responded with a status of 429 () @ https://arena.ai/api/history/list?limit=20&includeArchived=false:0
[   53352ms] [ERROR] Failed to load resource: the server responded with a status of 429 () @ https://arena.ai/api/history/list?limit=20&includeArchived=false:0
[   56420ms] [ERROR] Failed to load resource: the server responded with a status of 429 () @ https://arena.ai/api/history/list?limit=20&includeArchived=false:0
[   57867ms] [ERROR] Failed to load resource: the server responded with a status of 429 () @ https://arena.ai/api/history/list?limit=20&includeArchived=false:0
[   60481ms] Error: Minified React error #418; visit https://react.dev/errors/418?args[]=text&args[]= for the full message or use the non-minified dev environment for full errors and additional helpful warnings.
    at r2 (https://arena.ai/_next/static/chunks/94da1101-819810c68dfc98da.js?dpl=dpl_2dp9es1EbQ4XGLen4KuDZuDvGXTz:1:37008)
    at r3 (https://arena.ai/_next/static/chunks/94da1101-819810c68dfc98da.js?dpl=dpl_2dp9es1EbQ4XGLen4KuDZuDvGXTz:1:37901)
    at https://arena.ai/_next/static/chunks/94da1101-819810c68dfc98da.js?dpl=dpl_2dp9es1EbQ4XGLen4KuDZuDvGXTz:1:132353
    at sR (https://arena.ai/_next/static/chunks/94da1101-819810c68dfc98da.js?dpl=dpl_2dp9es1EbQ4XGLen4KuDZuDvGXTz:1:137390)
    at sI (https://arena.ai/_next/static/chunks/94da1101-819810c68dfc98da.js?dpl=dpl_2dp9es1EbQ4XGLen4KuDZuDvGXTz:1:128888)
    at https://arena.ai/_next/static/chunks/94da1101-819810c68dfc98da.js?dpl=dpl_2dp9es1EbQ4XGLen4KuDZuDvGXTz:1:124617
    at sE (https://arena.ai/_next/static/chunks/94da1101-819810c68dfc98da.js?dpl=dpl_2dp9es1EbQ4XGLen4KuDZuDvGXTz:1:124718)
    at ca (https://arena.ai/_next/static/chunks/94da1101-819810c68dfc98da.js?dpl=dpl_2dp9es1EbQ4XGLen4KuDZuDvGXTz:1:157399)
    at MessagePort.S (https://arena.ai/_next/static/chunks/88421-ce5d598f76f34bcc.js?dpl=dpl_2dp9es1EbQ4XGLen4KuDZuDvGXTz:1:18791)
[   60904ms] [ERROR] Failed to load resource: the server responded with a status of 429 () @ https://arena.ai/api/history/list?limit=20&includeArchived=false:0
[   62390ms] [ERROR] Failed to load resource: the server responded with a status of 429 () @ https://arena.ai/api/history/list?limit=20&includeArchived=false:0
[   64856ms] Error: Minified React error #418; visit https://react.dev/errors/418?args[]=text&args[]= for the full message or use the non-minified dev environment for full errors and additional helpful warnings.
    at r2 (https://arena.ai/_next/static/chunks/94da1101-819810c68dfc98da.js?dpl=dpl_2dp9es1EbQ4XGLen4KuDZuDvGXTz:1:37008)
    at r3 (https://arena.ai/_next/static/chunks/94da1101-819810c68dfc98da.js?dpl=dpl_2dp9es1EbQ4XGLen4KuDZuDvGXTz:1:37901)
    at https://arena.ai/_next/static/chunks/94da1101-819810c68dfc98da.js?dpl=dpl_2dp9es1EbQ4XGLen4KuDZuDvGXTz:1:132353
    at sR (https://arena.ai/_next/static/chunks/94da1101-819810c68dfc98da.js?dpl=dpl_2dp9es1EbQ4XGLen4KuDZuDvGXTz:1:137390)
    at sI (https://arena.ai/_next/static/chunks/94da1101-819810c68dfc98da.js?dpl=dpl_2dp9es1EbQ4XGLen4KuDZuDvGXTz:1:128888)
    at https://arena.ai/_next/static/chunks/94da1101-819810c68dfc98da.js?dpl=dpl_2dp9es1EbQ4XGLen4KuDZuDvGXTz:1:124617
    at sE (https://arena.ai/_next/static/chunks/94da1101-819810c68dfc98da.js?dpl=dpl_2dp9es1EbQ4XGLen4KuDZuDvGXTz:1:124718)
    at ca (https://arena.ai/_next/static/chunks/94da1101-819810c68dfc98da.js?dpl=dpl_2dp9es1EbQ4XGLen4KuDZuDvGXTz:1:157399)
    at MessagePort.S (https://arena.ai/_next/static/chunks/88421-ce5d598f76f34bcc.js?dpl=dpl_2dp9es1EbQ4XGLen4KuDZuDvGXTz:1:18791)
[   65303ms] [ERROR] Failed to load resource: the server responded with a status of 429 () @ https://arena.ai/api/history/list?limit=20&includeArchived=false:0
[   66760ms] [ERROR] Failed to load resource: the server responded with a status of 429 () @ https://arena.ai/api/history/list?limit=20&includeArchived=false:0
[   69218ms] [ERROR] Failed to load resource: the server responded with a status of 429 () @ https://arena.ai/api/history/list?limit=20&includeArchived=false:0
[   72991ms] [WARNING] The resource https://arena.ai/_next/static/media/d7df244fe7b07b95-s.p.woff2?dpl=dpl_2dp9es1EbQ4XGLen4KuDZuDvGXTz was preloaded using link preload but not used within a few seconds from the window's load event. Please make sure it has an appropriate `as` value and it is preloaded intentionally. @ https://arena.ai/leaderboard/image-to-video:0
[   72991ms] [WARNING] The resource https://arena.ai/_next/static/media/9dcef913907d177d-s.p.woff2?dpl=dpl_2dp9es1EbQ4XGLen4KuDZuDvGXTz was preloaded using link preload but not used within a few seconds from the window's load event. Please make sure it has an appropriate `as` value and it is preloaded intentionally. @ https://arena.ai/leaderboard/image-to-video:0
[   72991ms] [WARNING] The resource https://arena.ai/_next/static/media/0e96d314a90a6138-s.p.woff2?dpl=dpl_2dp9es1EbQ4XGLen4KuDZuDvGXTz was preloaded using link preload but not used within a few seconds from the window's load event. Please make sure it has an appropriate `as` value and it is preloaded intentionally. @ https://arena.ai/leaderboard/image-to-video:0
[   72991ms] [WARNING] The resource https://arena.ai/_next/static/media/0a7dccb9ebe20c72-s.p.woff2?dpl=dpl_2dp9es1EbQ4XGLen4KuDZuDvGXTz was preloaded using link preload but not used within a few seconds from the window's load event. Please make sure it has an appropriate `as` value and it is preloaded intentionally. @ https://arena.ai/leaderboard/image-to-video:0
[   72991ms] [WARNING] The resource https://arena.ai/_next/static/media/d00ac9cf364fead5-s.p.woff2?dpl=dpl_2dp9es1EbQ4XGLen4KuDZuDvGXTz was preloaded using link preload but not used within a few seconds from the window's load event. Please make sure it has an appropriate `as` value and it is preloaded intentionally. @ https://arena.ai/leaderboard/image-to-video:0
[   72991ms] [WARNING] The resource https://arena.ai/_next/static/media/76fcc95954fbfc88-s.p.woff2?dpl=dpl_2dp9es1EbQ4XGLen4KuDZuDvGXTz was preloaded using link preload but not used within a few seconds from the window's load event. Please make sure it has an appropriate `as` value and it is preloaded intentionally. @ https://arena.ai/leaderboard/image-to-video:0
[   72991ms] [WARNING] The resource https://arena.ai/_next/static/media/e4af272ccee01ff0-s.p.woff2?dpl=dpl_2dp9es1EbQ4XGLen4KuDZuDvGXTz was preloaded using link preload but not used within a few seconds from the window's load event. Please make sure it has an appropriate `as` value and it is preloaded intentionally. @ https://arena.ai/leaderboard/image-to-video:0
[   72991ms] [WARNING] The resource https://arena.ai/_next/static/media/121b8959500e2dbb-s.p.woff2?dpl=dpl_2dp9es1EbQ4XGLen4KuDZuDvGXTz was preloaded using link preload but not used within a few seconds from the window's load event. Please make sure it has an appropriate `as` value and it is preloaded intentionally. @ https://arena.ai/leaderboard/image-to-video:0
[   72991ms] [WARNING] The resource https://arena.ai/_next/static/media/268f004ea3786b37-s.p.woff2?dpl=dpl_2dp9es1EbQ4XGLen4KuDZuDvGXTz was preloaded using link preload but not used within a few seconds from the window's load event. Please make sure it has an appropriate `as` value and it is preloaded intentionally. @ https://arena.ai/leaderboard/image-to-video:0
[   72991ms] [WARNING] The resource https://arena.ai/_next/static/media/cdf8aa7aff76506e-s.p.woff2?dpl=dpl_2dp9es1EbQ4XGLen4KuDZuDvGXTz was preloaded using link preload but not used within a few seconds from the window's load event. Please make sure it has an appropriate `as` value and it is preloaded intentionally. @ https://arena.ai/leaderboard/image-to-video:0
[   72991ms] [WARNING] The resource https://arena.ai/_next/static/media/82ebfbcf8e635787-s.p.ttf?dpl=dpl_2dp9es1EbQ4XGLen4KuDZuDvGXTz was preloaded using link preload but not used within a few seconds from the window's load event. Please make sure it has an appropriate `as` value and it is preloaded intentionally. @ https://arena.ai/leaderboard/image-to-video:0
[   72991ms] [WARNING] The resource https://arena.ai/_next/static/media/b7ea2ab4a8ad1f81-s.p.woff2?dpl=dpl_2dp9es1EbQ4XGLen4KuDZuDvGXTz was preloaded using link preload but not used within a few seconds from the window's load event. Please make sure it has an appropriate `as` value and it is preloaded intentionally. @ https://arena.ai/leaderboard/image-to-video:0
[   72991ms] [WARNING] The resource https://arena.ai/_next/static/media/5d259b4d93dec8ad-s.p.woff2?dpl=dpl_2dp9es1EbQ4XGLen4KuDZuDvGXTz was preloaded using link preload but not used within a few seconds from the window's load event. Please make sure it has an appropriate `as` value and it is preloaded intentionally. @ https://arena.ai/leaderboard/image-to-video:0
[   72991ms] [WARNING] The resource https://arena.ai/_next/static/media/129456645e506c76-s.p.woff2?dpl=dpl_2dp9es1EbQ4XGLen4KuDZuDvGXTz was preloaded using link preload but not used within a few seconds from the window's load event. Please make sure it has an appropriate `as` value and it is preloaded intentionally. @ https://arena.ai/leaderboard/image-to-video:0
[   72991ms] [WARNING] The resource https://arena.ai/_next/static/media/c4b700dcb2187787-s.p.woff2?dpl=dpl_2dp9es1EbQ4XGLen4KuDZuDvGXTz was preloaded using link preload but not used within a few seconds from the window's load event. Please make sure it has an appropriate `as` value and it is preloaded intentionally. @ https://arena.ai/leaderboard/image-to-video:0
[   73674ms] [ERROR] Failed to load resource: the server responded with a status of 429 () @ https://arena.ai/api/history/list?limit=20&includeArchived=false:0
[   76676ms] [WARNING] The resource https://arena.ai/_next/static/media/d7df244fe7b07b95-s.p.woff2?dpl=dpl_2dp9es1EbQ4XGLen4KuDZuDvGXTz was preloaded using link preload but not used within a few seconds from the window's load event. Please make sure it has an appropriate `as` value and it is preloaded intentionally. @ https://arena.ai/leaderboard/image-to-video:0
[   76676ms] [WARNING] The resource https://arena.ai/_next/static/media/9dcef913907d177d-s.p.woff2?dpl=dpl_2dp9es1EbQ4XGLen4KuDZuDvGXTz was preloaded using link preload but not used within a few seconds from the window's load event. Please make sure it has an appropriate `as` value and it is preloaded intentionally. @ https://arena.ai/leaderboard/image-to-video:0
[   76676ms] [WARNING] The resource https://arena.ai/_next/static/media/0e96d314a90a6138-s.p.woff2?dpl=dpl_2dp9es1EbQ4XGLen4KuDZuDvGXTz was preloaded using link preload but not used within a few seconds from the window's load event. Please make sure it has an appropriate `as` value and it is preloaded intentionally. @ https://arena.ai/leaderboard/image-to-video:0
[   76676ms] [WARNING] The resource https://arena.ai/_next/static/media/0a7dccb9ebe20c72-s.p.woff2?dpl=dpl_2dp9es1EbQ4XGLen4KuDZuDvGXTz was preloaded using link preload but not used within a few seconds from the window's load event. Please make sure it has an appropriate `as` value and it is preloaded intentionally. @ https://arena.ai/leaderboard/image-to-video:0
[   76676ms] [WARNING] The resource https://arena.ai/_next/static/media/d00ac9cf364fead5-s.p.woff2?dpl=dpl_2dp9es1EbQ4XGLen4KuDZuDvGXTz was preloaded using link preload but not used within a few seconds from the window's load event. Please make sure it has an appropriate `as` value and it is preloaded intentionally. @ https://arena.ai/leaderboard/image-to-video:0
[   76676ms] [WARNING] The resource https://arena.ai/_next/static/media/76fcc95954fbfc88-s.p.woff2?dpl=dpl_2dp9es1EbQ4XGLen4KuDZuDvGXTz was preloaded using link preload but not used within a few seconds from the window's load event. Please make sure it has an appropriate `as` value and it is preloaded intentionally. @ https://arena.ai/leaderboard/image-to-video:0
[   76676ms] [WARNING] The resource https://arena.ai/_next/static/media/e4af272ccee01ff0-s.p.woff2?dpl=dpl_2dp9es1EbQ4XGLen4KuDZuDvGXTz was preloaded using link preload but not used within a few seconds from the window's load event. Please make sure it has an appropriate `as` value and it is preloaded intentionally. @ https://arena.ai/leaderboard/image-to-video:0
[   76676ms] [WARNING] The resource https://arena.ai/_next/static/media/121b8959500e2dbb-s.p.woff2?dpl=dpl_2dp9es1EbQ4XGLen4KuDZuDvGXTz was preloaded using link preload but not used within a few seconds from the window's load event. Please make sure it has an appropriate `as` value and it is preloaded intentionally. @ https://arena.ai/leaderboard/image-to-video:0
[   76676ms] [WARNING] The resource https://arena.ai/_next/static/media/268f004ea3786b37-s.p.woff2?dpl=dpl_2dp9es1EbQ4XGLen4KuDZuDvGXTz was preloaded using link preload but not used within a few seconds from the window's load event. Please make sure it has an appropriate `as` value and it is preloaded intentionally. @ https://arena.ai/leaderboard/image-to-video:0
[   76676ms] [WARNING] The resource https://arena.ai/_next/static/media/cdf8aa7aff76506e-s.p.woff2?dpl=dpl_2dp9es1EbQ4XGLen4KuDZuDvGXTz was preloaded using link preload but not used within a few seconds from the window's load event. Please make sure it has an appropriate `as` value and it is preloaded intentionally. @ https://arena.ai/leaderboard/image-to-video:0
[   76676ms] [WARNING] The resource https://arena.ai/_next/static/media/82ebfbcf8e635787-s.p.ttf?dpl=dpl_2dp9es1EbQ4XGLen4KuDZuDvGXTz was preloaded using link preload but not used within a few seconds from the window's load event. Please make sure it has an appropriate `as` value and it is preloaded intentionally. @ https://arena.ai/leaderboard/image-to-video:0
[   76676ms] [WARNING] The resource https://arena.ai/_next/static/media/b7ea2ab4a8ad1f81-s.p.woff2?dpl=dpl_2dp9es1EbQ4XGLen4KuDZuDvGXTz was preloaded using link preload but not used within a few seconds from the window's load event. Please make sure it has an appropriate `as` value and it is preloaded intentionally. @ https://arena.ai/leaderboard/image-to-video:0
[   76676ms] [WARNING] The resource https://arena.ai/_next/static/media/5d259b4d93dec8ad-s.p.woff2?dpl=dpl_2dp9es1EbQ4XGLen4KuDZuDvGXTz was preloaded using link preload but not used within a few seconds from the window's load event. Please make sure it has an appropriate `as` value and it is preloaded intentionally. @ https://arena.ai/leaderboard/image-to-video:0
[   76676ms] [WARNING] The resource https://arena.ai/_next/static/media/129456645e506c76-s.p.woff2?dpl=dpl_2dp9es1EbQ4XGLen4KuDZuDvGXTz was preloaded using link preload but not used within a few seconds from the window's load event. Please make sure it has an appropriate `as` value and it is preloaded intentionally. @ https://arena.ai/leaderboard/image-to-video:0
[   76676ms] [WARNING] The resource https://arena.ai/_next/static/media/c4b700dcb2187787-s.p.woff2?dpl=dpl_2dp9es1EbQ4XGLen4KuDZuDvGXTz was preloaded using link preload but not used within a few seconds from the window's load event. Please make sure it has an appropriate `as` value and it is preloaded intentionally. @ https://arena.ai/leaderboard/image-to-video:0
