[     758ms] Error: Minified React error #418; visit https://react.dev/errors/418?args[]=HTML&args[]= for the full message or use the non-minified dev environment for full errors and additional helpful warnings.
    at rD (https://fireworks.ai/_next/static/chunks/4bd1b696-2fbb49a7b03e9cd6.js?dpl=dpl_8eXVvcWu6wmpz9UkhxQuZJ75YESS:1:35062)
    at oq (https://fireworks.ai/_next/static/chunks/4bd1b696-2fbb49a7b03e9cd6.js?dpl=dpl_8eXVvcWu6wmpz9UkhxQuZJ75YESS:1:84566)
    at ik (https://fireworks.ai/_next/static/chunks/4bd1b696-2fbb49a7b03e9cd6.js?dpl=dpl_8eXVvcWu6wmpz9UkhxQuZJ75YESS:1:114682)
    at https://fireworks.ai/_next/static/chunks/4bd1b696-2fbb49a7b03e9cd6.js?dpl=dpl_8eXVvcWu6wmpz9UkhxQuZJ75YESS:1:110730
    at iu (https://fireworks.ai/_next/static/chunks/4bd1b696-2fbb49a7b03e9cd6.js?dpl=dpl_8eXVvcWu6wmpz9UkhxQuZJ75YESS:1:110831)
    at iX (https://fireworks.ai/_next/static/chunks/4bd1b696-2fbb49a7b03e9cd6.js?dpl=dpl_8eXVvcWu6wmpz9UkhxQuZJ75YESS:1:132934)
    at MessagePort.w (https://fireworks.ai/_next/static/chunks/1255-12efa98c1a912650.js?dpl=dpl_8eXVvcWu6wmpz9UkhxQuZJ75YESS:1:65782)
[    1058ms] Uncaught Error: Looks like your website URL has changed. To ensure the proper functioning of your banner, update the registered URL on your CookieYes account (navigate to the Organizations & Sites page (https://app.cookieyes.com/settings/organizations-and-sites) and click the More button associated with your site). Then, reload this page to retry. If the issue persists, please contact us at https://www.cookieyes.com/support.
    at <anonymous> (https://cdn-cookieyes.com/client_data/802acbf3cc6f4842f26aeb02/script.js:0:16759)
    at <anonymous> (https://cdn-cookieyes.com/client_data/802acbf3cc6f4842f26aeb02/script.js:0:29301)
    at <anonymous> (https://cdn-cookieyes.com/client_data/802acbf3cc6f4842f26aeb02/script.js:0:29304)
[    4165ms] [ERROR] Access to fetch at 'https://app.fireworks.ai/login?_rsc=xjy2d' (redirected from 'https://fireworks.ai/login?_rsc=xjy2d') from origin 'https://fireworks.ai' has been blocked by CORS policy: Response to preflight request doesn't pass access control check: The 'Access-Control-Allow-Origin' header has a value 'https://fireworks-frontend-lic70xvhs.preview.fireworks.ai' that is not equal to the supplied origin. Have the server send the header with a valid value. @ https://fireworks.ai/pricing:0
[    4166ms] [ERROR] Failed to load resource: net::ERR_FAILED @ https://app.fireworks.ai/login?_rsc=xjy2d:0
[    4166ms] [ERROR] Failed to fetch RSC payload for https://fireworks.ai/login. Falling back to browser navigation. TypeError: Failed to fetch
    at y (https://fireworks.ai/_next/static/chunks/1255-12efa98c1a912650.js?dpl=dpl_8eXVvcWu6wmpz9UkhxQuZJ75YESS:1:43528)
    at _ (https://fireworks.ai/_next/static/chunks/1255-12efa98c1a912650.js?dpl=dpl_8eXVvcWu6wmpz9UkhxQuZJ75YESS:1:42342)
    at https://fireworks.ai/_next/static/chunks/1255-12efa98c1a912650.js?dpl=dpl_8eXVvcWu6wmpz9UkhxQuZJ75YESS:1:126259
    at Object.o [as task] (https://fireworks.ai/_next/static/chunks/1255-12efa98c1a912650.js?dpl=dpl_8eXVvcWu6wmpz9UkhxQuZJ75YESS:1:121790)
    at c.s (https://fireworks.ai/_next/static/chunks/1255-12efa98c1a912650.js?dpl=dpl_8eXVvcWu6wmpz9UkhxQuZJ75YESS:1:122495)
    at c.enqueue (https://fireworks.ai/_next/static/chunks/1255-12efa98c1a912650.js?dpl=dpl_8eXVvcWu6wmpz9UkhxQuZJ75YESS:1:121920)
    at s (https://fireworks.ai/_next/static/chunks/1255-12efa98c1a912650.js?dpl=dpl_8eXVvcWu6wmpz9UkhxQuZJ75YESS:1:126222)
    at i (https://fireworks.ai/_next/static/chunks/1255-12efa98c1a912650.js?dpl=dpl_8eXVvcWu6wmpz9UkhxQuZJ75YESS:1:125738)
    at l (https://fireworks.ai/_next/static/chunks/1255-12efa98c1a912650.js?dpl=dpl_8eXVvcWu6wmpz9UkhxQuZJ75YESS:1:60200)
    at Object.prefetch (https://fireworks.ai/_next/static/chunks/1255-12efa98c1a912650.js?dpl=dpl_8eXVvcWu6wmpz9UkhxQuZJ75YESS:1:18481) @ https://fireworks.ai/_next/static/chunks/1255-12efa98c1a912650.js?dpl=dpl_8eXVvcWu6wmpz9UkhxQuZJ75YESS:0
[    4230ms] [ERROR] Access to fetch at 'https://app.fireworks.ai/signup?_rsc=xjy2d' (redirected from 'https://fireworks.ai/signup?_rsc=xjy2d') from origin 'https://fireworks.ai' has been blocked by CORS policy: Response to preflight request doesn't pass access control check: The 'Access-Control-Allow-Origin' header has a value 'https://fireworks-frontend-lic70xvhs.preview.fireworks.ai' that is not equal to the supplied origin. Have the server send the header with a valid value. @ https://fireworks.ai/pricing:0
[    4230ms] [ERROR] Failed to load resource: net::ERR_FAILED @ https://app.fireworks.ai/signup?_rsc=xjy2d:0
[    4230ms] [ERROR] Failed to fetch RSC payload for https://fireworks.ai/signup. Falling back to browser navigation. TypeError: Failed to fetch
    at y (https://fireworks.ai/_next/static/chunks/1255-12efa98c1a912650.js?dpl=dpl_8eXVvcWu6wmpz9UkhxQuZJ75YESS:1:43528)
    at _ (https://fireworks.ai/_next/static/chunks/1255-12efa98c1a912650.js?dpl=dpl_8eXVvcWu6wmpz9UkhxQuZJ75YESS:1:42342)
    at https://fireworks.ai/_next/static/chunks/1255-12efa98c1a912650.js?dpl=dpl_8eXVvcWu6wmpz9UkhxQuZJ75YESS:1:126259
    at Object.o [as task] (https://fireworks.ai/_next/static/chunks/1255-12efa98c1a912650.js?dpl=dpl_8eXVvcWu6wmpz9UkhxQuZJ75YESS:1:121790)
    at c.s (https://fireworks.ai/_next/static/chunks/1255-12efa98c1a912650.js?dpl=dpl_8eXVvcWu6wmpz9UkhxQuZJ75YESS:1:122495)
    at c.enqueue (https://fireworks.ai/_next/static/chunks/1255-12efa98c1a912650.js?dpl=dpl_8eXVvcWu6wmpz9UkhxQuZJ75YESS:1:121920)
    at s (https://fireworks.ai/_next/static/chunks/1255-12efa98c1a912650.js?dpl=dpl_8eXVvcWu6wmpz9UkhxQuZJ75YESS:1:126222)
    at i (https://fireworks.ai/_next/static/chunks/1255-12efa98c1a912650.js?dpl=dpl_8eXVvcWu6wmpz9UkhxQuZJ75YESS:1:125738)
    at l (https://fireworks.ai/_next/static/chunks/1255-12efa98c1a912650.js?dpl=dpl_8eXVvcWu6wmpz9UkhxQuZJ75YESS:1:60200)
    at Object.prefetch (https://fireworks.ai/_next/static/chunks/1255-12efa98c1a912650.js?dpl=dpl_8eXVvcWu6wmpz9UkhxQuZJ75YESS:1:18481) @ https://fireworks.ai/_next/static/chunks/1255-12efa98c1a912650.js?dpl=dpl_8eXVvcWu6wmpz9UkhxQuZJ75YESS:0
[    5655ms] [ERROR] BlockedByConsentError: Blocked by consent settings
    at https://d-code.liadm.com/did-003x.min.js:1:69233
    at Generator.next (<anonymous>)
    at Aw (https://d-code.liadm.com/did-003x.min.js:1:61382)
    at s (https://d-code.liadm.com/did-003x.min.js:1:61576)
    at https://d-code.liadm.com/did-003x.min.js:1:61637
    at new Promise (<anonymous>)
    at new t (https://d-code.liadm.com/did-003x.min.js:1:7468)
    at https://d-code.liadm.com/did-003x.min.js:1:61521
    at Sb.ajaxGet (https://d-code.liadm.com/did-003x.min.js:1:69242)
    at bE (https://d-code.liadm.com/did-003x.min.js:2:18693) @ https://fe.sitedataprocessing.com/fewv1/ProcessStats.aspx?host=https%3A//fireworks.ai&host_name=fireworks.ai&page=/pricing&query_string=&anchor=&title=Fireworks%2520%2520Pricing&cur_sess_id=&cur_visitor_id=&h=21&m=45&s=58&account_id=OjbaBpzsYG&dgmt=Mon,%2002%20Mar%202026%2013:45:58%20GMT&vresol=1512x982&ref=:0
[   16714ms] [WARNING] document.domain mutation is ignored because the surrounding agent cluster is origin-keyed. @ https://console.bce.baidu.com/asset/monitor/bce_monitor_session.html:43
[   17001ms] TypeError: Failed to execute 'observe' on 'IntersectionObserver': parameter 1 is not of type 'Element'.
    at https://bce.bdstatic.com/fe-static/baidu/bce-portal/portal-common/1.0.2038.1/5.load.js:2:267343
    at https://bce.bdstatic.com/fe-static/baidu/bce-portal/portal-common/1.0.2038.1/5.load.js:2:276419
    at https://bce.bdstatic.com/fe-static/baidu/bce-portal/portal-common/1.0.2038.1/5.load.js:2:276146
    at Object.next (https://bce.bdstatic.com/fe-static/baidu/bce-portal/portal-common/1.0.2038.1/5.load.js:2:276251)
    at https://bce.bdstatic.com/fe-static/baidu/bce-portal/portal-common/1.0.2038.1/5.load.js:2:275167
    at new Promise (<anonymous>)
    at a (https://bce.bdstatic.com/fe-static/baidu/bce-portal/portal-common/1.0.2038.1/5.load.js:2:274915)
    at https://bce.bdstatic.com/fe-static/baidu/bce-portal/portal-common/1.0.2038.1/5.load.js:2:276332
    at ol (https://bce.bdstatic.com/fe-static/baidu/bce-portal/portal-common/load.online.js:2:164748)
    at xc (https://bce.bdstatic.com/fe-static/baidu/bce-portal/portal-common/load.online.js:2:184712)
[   17001ms] [WARNING] Weirwood error SDK dropped repeat event: {request: Object, exception: Object, env: Object, session_id: adb1970e84da4e72b51ff1c549e404f6, behaviors: Array(6)} @ https://bce.bdstatic.com/portal-cloud-server/online/_next/static/chunks/31676.f9401a3e4be938f7.js:12
[   17002ms] TypeError: Failed to execute 'observe' on 'IntersectionObserver': parameter 1 is not of type 'Element'.
    at https://bce.bdstatic.com/fe-static/baidu/bce-portal/portal-common/1.0.2038.1/5.load.js:2:267343
    at https://bce.bdstatic.com/fe-static/baidu/bce-portal/portal-common/1.0.2038.1/5.load.js:2:276419
    at https://bce.bdstatic.com/fe-static/baidu/bce-portal/portal-common/1.0.2038.1/5.load.js:2:276146
    at Object.next (https://bce.bdstatic.com/fe-static/baidu/bce-portal/portal-common/1.0.2038.1/5.load.js:2:276251)
    at https://bce.bdstatic.com/fe-static/baidu/bce-portal/portal-common/1.0.2038.1/5.load.js:2:275167
    at new Promise (<anonymous>)
    at a (https://bce.bdstatic.com/fe-static/baidu/bce-portal/portal-common/1.0.2038.1/5.load.js:2:274915)
    at https://bce.bdstatic.com/fe-static/baidu/bce-portal/portal-common/1.0.2038.1/5.load.js:2:276332
    at ol (https://bce.bdstatic.com/fe-static/baidu/bce-portal/portal-common/load.online.js:2:164748)
    at xc (https://bce.bdstatic.com/fe-static/baidu/bce-portal/portal-common/load.online.js:2:184712)
[   17037ms] Uncaught TypeError: c.match is not a function
    at <anonymous> (https://bce.bdstatic.com/portal-cloud-server/online/_next/static/chunks/c6a528af.c31bbf70528ff589.js:0:77341)
    at <anonymous> (https://bce.bdstatic.com/portal-cloud-server/online/_next/static/chunks/c6a528af.c31bbf70528ff589.js:0:79470)
    at <anonymous> (https://bce.bdstatic.com/portal-cloud-server/online/_next/static/chunks/c6a528af.c31bbf70528ff589.js:0:79287)
    at d (https://bce.bdstatic.com/portal-cloud-server/online/_next/static/chunks/c6a528af.c31bbf70528ff589.js:0:10883)
[   26589ms] [WARNING] document.domain mutation is ignored because the surrounding agent cluster is origin-keyed. @ https://console.bce.baidu.com/asset/monitor/bce_monitor_session.html:43
[   26715ms] Uncaught TypeError: c.match is not a function
    at <anonymous> (https://bce.bdstatic.com/portal-cloud-server/online/_next/static/chunks/c6a528af.c31bbf70528ff589.js:0:77341)
    at <anonymous> (https://bce.bdstatic.com/portal-cloud-server/online/_next/static/chunks/c6a528af.c31bbf70528ff589.js:0:79470)
    at <anonymous> (https://bce.bdstatic.com/portal-cloud-server/online/_next/static/chunks/c6a528af.c31bbf70528ff589.js:0:79287)
    at d (https://bce.bdstatic.com/portal-cloud-server/online/_next/static/chunks/c6a528af.c31bbf70528ff589.js:0:10883)
[   26785ms] TypeError: Failed to execute 'observe' on 'IntersectionObserver': parameter 1 is not of type 'Element'.
    at https://bce.bdstatic.com/fe-static/baidu/bce-portal/portal-common/1.0.2038.1/10.load.js:1:6375
    at https://bce.bdstatic.com/fe-static/baidu/bce-portal/portal-common/1.0.2038.1/10.load.js:1:9603
    at https://bce.bdstatic.com/fe-static/baidu/bce-portal/portal-common/1.0.2038.1/10.load.js:1:9330
    at Object.next (https://bce.bdstatic.com/fe-static/baidu/bce-portal/portal-common/1.0.2038.1/10.load.js:1:9435)
    at https://bce.bdstatic.com/fe-static/baidu/bce-portal/portal-common/1.0.2038.1/10.load.js:1:8351
    at new Promise (<anonymous>)
    at o (https://bce.bdstatic.com/fe-static/baidu/bce-portal/portal-common/1.0.2038.1/10.load.js:1:8099)
    at https://bce.bdstatic.com/fe-static/baidu/bce-portal/portal-common/1.0.2038.1/10.load.js:1:9516
    at ol (https://bce.bdstatic.com/fe-static/baidu/bce-portal/portal-common/load.online.js:2:164748)
    at xc (https://bce.bdstatic.com/fe-static/baidu/bce-portal/portal-common/load.online.js:2:184712)
[   26784ms] [WARNING] Weirwood error SDK dropped repeat event: {request: Object, exception: Object, env: Object, session_id: dcdc780b90b84086a570c59490b212f4, behaviors: Array(8)} @ https://bce.bdstatic.com/portal-cloud-server/online/_next/static/chunks/31676.f9401a3e4be938f7.js:12
[   26785ms] TypeError: Failed to execute 'observe' on 'IntersectionObserver': parameter 1 is not of type 'Element'.
    at https://bce.bdstatic.com/fe-static/baidu/bce-portal/portal-common/1.0.2038.1/10.load.js:1:6375
    at https://bce.bdstatic.com/fe-static/baidu/bce-portal/portal-common/1.0.2038.1/10.load.js:1:9603
    at https://bce.bdstatic.com/fe-static/baidu/bce-portal/portal-common/1.0.2038.1/10.load.js:1:9330
    at Object.next (https://bce.bdstatic.com/fe-static/baidu/bce-portal/portal-common/1.0.2038.1/10.load.js:1:9435)
    at https://bce.bdstatic.com/fe-static/baidu/bce-portal/portal-common/1.0.2038.1/10.load.js:1:8351
    at new Promise (<anonymous>)
    at o (https://bce.bdstatic.com/fe-static/baidu/bce-portal/portal-common/1.0.2038.1/10.load.js:1:8099)
    at https://bce.bdstatic.com/fe-static/baidu/bce-portal/portal-common/1.0.2038.1/10.load.js:1:9516
    at ol (https://bce.bdstatic.com/fe-static/baidu/bce-portal/portal-common/load.online.js:2:164748)
    at xc (https://bce.bdstatic.com/fe-static/baidu/bce-portal/portal-common/load.online.js:2:184712)
[   37367ms] [WARNING] document.domain mutation is ignored because the surrounding agent cluster is origin-keyed. @ https://console.bce.baidu.com/asset/monitor/bce_monitor_session.html:43
[   37469ms] TypeError: Failed to execute 'observe' on 'IntersectionObserver': parameter 1 is not of type 'Element'.
    at https://bce.bdstatic.com/fe-static/baidu/bce-portal/portal-common/1.0.2038.1/5.load.js:2:267343
    at https://bce.bdstatic.com/fe-static/baidu/bce-portal/portal-common/1.0.2038.1/5.load.js:2:276419
    at https://bce.bdstatic.com/fe-static/baidu/bce-portal/portal-common/1.0.2038.1/5.load.js:2:276146
    at Object.next (https://bce.bdstatic.com/fe-static/baidu/bce-portal/portal-common/1.0.2038.1/5.load.js:2:276251)
    at https://bce.bdstatic.com/fe-static/baidu/bce-portal/portal-common/1.0.2038.1/5.load.js:2:275167
    at new Promise (<anonymous>)
    at a (https://bce.bdstatic.com/fe-static/baidu/bce-portal/portal-common/1.0.2038.1/5.load.js:2:274915)
    at https://bce.bdstatic.com/fe-static/baidu/bce-portal/portal-common/1.0.2038.1/5.load.js:2:276332
    at ol (https://bce.bdstatic.com/fe-static/baidu/bce-portal/portal-common/load.online.js:2:164748)
    at xc (https://bce.bdstatic.com/fe-static/baidu/bce-portal/portal-common/load.online.js:2:184712)
[   37469ms] TypeError: Failed to execute 'observe' on 'IntersectionObserver': parameter 1 is not of type 'Element'.
    at https://bce.bdstatic.com/fe-static/baidu/bce-portal/portal-common/1.0.2038.1/5.load.js:2:267343
    at https://bce.bdstatic.com/fe-static/baidu/bce-portal/portal-common/1.0.2038.1/5.load.js:2:276419
    at https://bce.bdstatic.com/fe-static/baidu/bce-portal/portal-common/1.0.2038.1/5.load.js:2:276146
    at Object.next (https://bce.bdstatic.com/fe-static/baidu/bce-portal/portal-common/1.0.2038.1/5.load.js:2:276251)
    at https://bce.bdstatic.com/fe-static/baidu/bce-portal/portal-common/1.0.2038.1/5.load.js:2:275167
    at new Promise (<anonymous>)
    at a (https://bce.bdstatic.com/fe-static/baidu/bce-portal/portal-common/1.0.2038.1/5.load.js:2:274915)
    at https://bce.bdstatic.com/fe-static/baidu/bce-portal/portal-common/1.0.2038.1/5.load.js:2:276332
    at ol (https://bce.bdstatic.com/fe-static/baidu/bce-portal/portal-common/load.online.js:2:164748)
    at xc (https://bce.bdstatic.com/fe-static/baidu/bce-portal/portal-common/load.online.js:2:184712)
