[    3693ms] [ERROR] Failed to load resource: the server responded with a status of 401 () @ https://arena.ai/api/history/list?limit=20&includeArchived=false:0
[    5145ms] [ERROR] Failed to load resource: the server responded with a status of 401 () @ https://arena.ai/api/history/list?limit=20&includeArchived=false:0
[    7615ms] [ERROR] Failed to load resource: the server responded with a status of 401 () @ https://arena.ai/api/history/list?limit=20&includeArchived=false:0
[   12086ms] [ERROR] Failed to load resource: the server responded with a status of 401 () @ https://arena.ai/api/history/list?limit=20&includeArchived=false:0
[   15088ms] [WARNING] The resource https://arena.ai/_next/static/media/d7df244fe7b07b95-s.p.woff2?dpl=dpl_2dp9es1EbQ4XGLen4KuDZuDvGXTz was preloaded using link preload but not used within a few seconds from the window's load event. Please make sure it has an appropriate `as` value and it is preloaded intentionally. @ https://arena.ai/leaderboard:0
[   15088ms] [WARNING] The resource https://arena.ai/_next/static/media/9dcef913907d177d-s.p.woff2?dpl=dpl_2dp9es1EbQ4XGLen4KuDZuDvGXTz was preloaded using link preload but not used within a few seconds from the window's load event. Please make sure it has an appropriate `as` value and it is preloaded intentionally. @ https://arena.ai/leaderboard:0
[   15088ms] [WARNING] The resource https://arena.ai/_next/static/media/0e96d314a90a6138-s.p.woff2?dpl=dpl_2dp9es1EbQ4XGLen4KuDZuDvGXTz was preloaded using link preload but not used within a few seconds from the window's load event. Please make sure it has an appropriate `as` value and it is preloaded intentionally. @ https://arena.ai/leaderboard:0
[   15088ms] [WARNING] The resource https://arena.ai/_next/static/media/0a7dccb9ebe20c72-s.p.woff2?dpl=dpl_2dp9es1EbQ4XGLen4KuDZuDvGXTz was preloaded using link preload but not used within a few seconds from the window's load event. Please make sure it has an appropriate `as` value and it is preloaded intentionally. @ https://arena.ai/leaderboard:0
[   15088ms] [WARNING] The resource https://arena.ai/_next/static/media/d00ac9cf364fead5-s.p.woff2?dpl=dpl_2dp9es1EbQ4XGLen4KuDZuDvGXTz was preloaded using link preload but not used within a few seconds from the window's load event. Please make sure it has an appropriate `as` value and it is preloaded intentionally. @ https://arena.ai/leaderboard:0
[   15088ms] [WARNING] The resource https://arena.ai/_next/static/media/76fcc95954fbfc88-s.p.woff2?dpl=dpl_2dp9es1EbQ4XGLen4KuDZuDvGXTz was preloaded using link preload but not used within a few seconds from the window's load event. Please make sure it has an appropriate `as` value and it is preloaded intentionally. @ https://arena.ai/leaderboard:0
[   15088ms] [WARNING] The resource https://arena.ai/_next/static/media/e4af272ccee01ff0-s.p.woff2?dpl=dpl_2dp9es1EbQ4XGLen4KuDZuDvGXTz was preloaded using link preload but not used within a few seconds from the window's load event. Please make sure it has an appropriate `as` value and it is preloaded intentionally. @ https://arena.ai/leaderboard:0
[   15088ms] [WARNING] The resource https://arena.ai/_next/static/media/121b8959500e2dbb-s.p.woff2?dpl=dpl_2dp9es1EbQ4XGLen4KuDZuDvGXTz was preloaded using link preload but not used within a few seconds from the window's load event. Please make sure it has an appropriate `as` value and it is preloaded intentionally. @ https://arena.ai/leaderboard:0
[   15088ms] [WARNING] The resource https://arena.ai/_next/static/media/268f004ea3786b37-s.p.woff2?dpl=dpl_2dp9es1EbQ4XGLen4KuDZuDvGXTz was preloaded using link preload but not used within a few seconds from the window's load event. Please make sure it has an appropriate `as` value and it is preloaded intentionally. @ https://arena.ai/leaderboard:0
[   15088ms] [WARNING] The resource https://arena.ai/_next/static/media/cdf8aa7aff76506e-s.p.woff2?dpl=dpl_2dp9es1EbQ4XGLen4KuDZuDvGXTz was preloaded using link preload but not used within a few seconds from the window's load event. Please make sure it has an appropriate `as` value and it is preloaded intentionally. @ https://arena.ai/leaderboard:0
[   15089ms] [WARNING] The resource https://arena.ai/_next/static/media/82ebfbcf8e635787-s.p.ttf?dpl=dpl_2dp9es1EbQ4XGLen4KuDZuDvGXTz was preloaded using link preload but not used within a few seconds from the window's load event. Please make sure it has an appropriate `as` value and it is preloaded intentionally. @ https://arena.ai/leaderboard:0
[   15089ms] [WARNING] The resource https://arena.ai/_next/static/media/b7ea2ab4a8ad1f81-s.p.woff2?dpl=dpl_2dp9es1EbQ4XGLen4KuDZuDvGXTz was preloaded using link preload but not used within a few seconds from the window's load event. Please make sure it has an appropriate `as` value and it is preloaded intentionally. @ https://arena.ai/leaderboard:0
[   15089ms] [WARNING] The resource https://arena.ai/_next/static/media/5d259b4d93dec8ad-s.p.woff2?dpl=dpl_2dp9es1EbQ4XGLen4KuDZuDvGXTz was preloaded using link preload but not used within a few seconds from the window's load event. Please make sure it has an appropriate `as` value and it is preloaded intentionally. @ https://arena.ai/leaderboard:0
[   15089ms] [WARNING] The resource https://arena.ai/_next/static/media/129456645e506c76-s.p.woff2?dpl=dpl_2dp9es1EbQ4XGLen4KuDZuDvGXTz was preloaded using link preload but not used within a few seconds from the window's load event. Please make sure it has an appropriate `as` value and it is preloaded intentionally. @ https://arena.ai/leaderboard:0
[   15089ms] [WARNING] The resource https://arena.ai/_next/static/media/c4b700dcb2187787-s.p.woff2?dpl=dpl_2dp9es1EbQ4XGLen4KuDZuDvGXTz was preloaded using link preload but not used within a few seconds from the window's load event. Please make sure it has an appropriate `as` value and it is preloaded intentionally. @ https://arena.ai/leaderboard:0
[  180536ms] [ERROR] Failed to load resource: the server responded with a status of 401 () @ https://arena.ai/api/history/list?limit=20&includeArchived=false:0
[  182003ms] [ERROR] Failed to load resource: the server responded with a status of 401 () @ https://arena.ai/api/history/list?limit=20&includeArchived=false:0
[  183156ms] [ERROR] %c%d font-size:0;color:transparent NaN @ https://challenges.cloudflare.com/cdn-cgi/challenge-platform/h/g/turnstile/f/ov2/av0/rch/et6ey/0x4AAAAAAA65vWDmG-O_lPtT/light/fbE/new/normal?lang=auto:0
[  183156ms] [ERROR] %c%d font-size:0;color:transparent NaN @ https://challenges.cloudflare.com/cdn-cgi/challenge-platform/h/g/turnstile/f/ov2/av0/rch/et6ey/0x4AAAAAAA65vWDmG-O_lPtT/light/fbE/new/normal?lang=auto:0
[  183158ms] [WARNING] %c%d font-size:0;color:transparent NaN @ https://challenges.cloudflare.com/cdn-cgi/challenge-platform/h/g/turnstile/f/ov2/av0/rch/et6ey/0x4AAAAAAA65vWDmG-O_lPtT/light/fbE/new/normal?lang=auto:0
[  183158ms] [WARNING] %c%d font-size:0;color:transparent NaN @ https://challenges.cloudflare.com/cdn-cgi/challenge-platform/h/g/turnstile/f/ov2/av0/rch/et6ey/0x4AAAAAAA65vWDmG-O_lPtT/light/fbE/new/normal?lang=auto:0
[  183282ms] [ERROR] Failed to load resource: the server responded with a status of 401 () @ https://challenges.cloudflare.com/cdn-cgi/challenge-platform/h/g/pat/9d65cee33f7587ae/1772511202449/2714c0607b512fa3e2214605824962ddac12a711de5df8a7e82fceae7b4474ab/XTc0e-OdUH0k_5l:0
[  184193ms] [ERROR]  Note that 'script-src' was not explicitly set, so 'default-src' is used as a fallback. @ https://challenges.cloudflare.com/cdn-cgi/challenge-platform/h/g/turnstile/f/ov2/av0/rch/et6ey/0x4AAAAAAA65vWDmG-O_lPtT/light/fbE/new/normal?lang=auto:0
[  184764ms] [WARNING] Warning: Missing `Description` or `aria-describedby={undefined}` for {DialogContent}. @ https://arena.ai/_next/static/chunks/56583-f8882a90b424ddf2.js?dpl=dpl_2dp9es1EbQ4XGLen4KuDZuDvGXTz:0
[  184777ms] [ERROR] Failed to load resource: the server responded with a status of 401 () @ https://arena.ai/api/history/list?limit=20&includeArchived=false:0
[  186723ms] [ERROR] %c%d font-size:0;color:transparent NaN @ https://challenges.cloudflare.com/cdn-cgi/challenge-platform/h/g/turnstile/f/ov2/av0/rch/oxjic/0x4AAAAAAA65vWDmG-O_lPtT/light/fbE/new/normal?lang=auto:0
[  186723ms] [ERROR] %c%d font-size:0;color:transparent NaN @ https://challenges.cloudflare.com/cdn-cgi/challenge-platform/h/g/turnstile/f/ov2/av0/rch/oxjic/0x4AAAAAAA65vWDmG-O_lPtT/light/fbE/new/normal?lang=auto:0
[  186724ms] [WARNING] %c%d font-size:0;color:transparent NaN @ https://challenges.cloudflare.com/cdn-cgi/challenge-platform/h/g/turnstile/f/ov2/av0/rch/oxjic/0x4AAAAAAA65vWDmG-O_lPtT/light/fbE/new/normal?lang=auto:0
[  186724ms] [WARNING] %c%d font-size:0;color:transparent NaN @ https://challenges.cloudflare.com/cdn-cgi/challenge-platform/h/g/turnstile/f/ov2/av0/rch/oxjic/0x4AAAAAAA65vWDmG-O_lPtT/light/fbE/new/normal?lang=auto:0
[  186772ms] [ERROR]  Note that 'script-src' was not explicitly set, so 'default-src' is used as a fallback. @ https://challenges.cloudflare.com/cdn-cgi/challenge-platform/h/g/turnstile/f/ov2/av0/rch/oxjic/0x4AAAAAAA65vWDmG-O_lPtT/light/fbE/new/normal?lang=auto:0
[  187148ms] [ERROR] Failed to load resource: the server responded with a status of 401 () @ https://challenges.cloudflare.com/cdn-cgi/challenge-platform/h/g/pat/9d65cef7db7b6026/1772511205749/b3968da14ef705f226f433ec26d793482110e88397642b9a9b22c851e9000c0e/gxaml4wVhkUzQ4l:0
[  188229ms] [ERROR] Failed to load resource: the server responded with a status of 429 () @ https://arena.ai/nextjs-api/sign-up:0
[  189773ms] [ERROR] Failed to load resource: the server responded with a status of 401 () @ https://arena.ai/api/history/list?limit=20&includeArchived=false:0
[  192281ms] [ERROR] Failed to load resource: the server responded with a status of 401 () @ https://arena.ai/api/history/list?limit=20&includeArchived=false:0
[  193910ms] [ERROR] Failed to load resource: the server responded with a status of 401 () @ https://arena.ai/api/history/list?limit=20&includeArchived=false:0
[  194241ms] [ERROR] %c%d font-size:0;color:transparent NaN @ https://challenges.cloudflare.com/cdn-cgi/challenge-platform/h/g/turnstile/f/ov2/av0/rch/3k1yz/0x4AAAAAAA65vWDmG-O_lPtT/light/fbE/new/normal?lang=auto:0
[  194242ms] [ERROR] %c%d font-size:0;color:transparent NaN @ https://challenges.cloudflare.com/cdn-cgi/challenge-platform/h/g/turnstile/f/ov2/av0/rch/3k1yz/0x4AAAAAAA65vWDmG-O_lPtT/light/fbE/new/normal?lang=auto:0
[  194242ms] [WARNING] %c%d font-size:0;color:transparent NaN @ https://challenges.cloudflare.com/cdn-cgi/challenge-platform/h/g/turnstile/f/ov2/av0/rch/3k1yz/0x4AAAAAAA65vWDmG-O_lPtT/light/fbE/new/normal?lang=auto:0
[  194242ms] [WARNING] %c%d font-size:0;color:transparent NaN @ https://challenges.cloudflare.com/cdn-cgi/challenge-platform/h/g/turnstile/f/ov2/av0/rch/3k1yz/0x4AAAAAAA65vWDmG-O_lPtT/light/fbE/new/normal?lang=auto:0
[  194547ms] [ERROR] Failed to load resource: the server responded with a status of 401 () @ https://challenges.cloudflare.com/cdn-cgi/challenge-platform/h/g/pat/9d65cf24598d6026/1772511213117/b505676b62411c78e1fb0e09940f40f6007b7f347fdbedd42c6f9adf552bc492/Nz2wUdUAjeR7Wv1:0
[  194552ms] [ERROR]  Note that 'script-src' was not explicitly set, so 'default-src' is used as a fallback. @ https://challenges.cloudflare.com/cdn-cgi/challenge-platform/h/g/turnstile/f/ov2/av0/rch/3k1yz/0x4AAAAAAA65vWDmG-O_lPtT/light/fbE/new/normal?lang=auto:0
[  195810ms] [ERROR] Failed to load resource: the server responded with a status of 429 () @ https://arena.ai/nextjs-api/sign-up:0
[  196407ms] [ERROR] Failed to load resource: the server responded with a status of 401 () @ https://arena.ai/api/history/list?limit=20&includeArchived=false:0
[  199911ms] [ERROR] Failed to load resource: the server responded with a status of 401 () @ https://arena.ai/api/history/list?limit=20&includeArchived=false:0
[  201357ms] [ERROR] Failed to load resource: the server responded with a status of 401 () @ https://arena.ai/api/history/list?limit=20&includeArchived=false:0
[  201864ms] [ERROR]  Note that 'script-src' was not explicitly set, so 'default-src' is used as a fallback. @ https://challenges.cloudflare.com/cdn-cgi/challenge-platform/h/g/turnstile/f/ov2/av0/rch/3losk/0x4AAAAAAA65vWDmG-O_lPtT/light/fbE/new/normal?lang=auto:0
[  202073ms] [ERROR] Failed to load resource: the server responded with a status of 401 () @ https://challenges.cloudflare.com/cdn-cgi/challenge-platform/h/g/pat/9d65cf56dc1b6026/1772511220949/a12c1c6709b1ed454a5d65b7dd3abdc8fd51e42a4b309d36049eb4bf84e6f5f0/pDWJte0tw6F1j43:0
[  202082ms] [ERROR] %c%d font-size:0;color:transparent NaN @ https://challenges.cloudflare.com/cdn-cgi/challenge-platform/h/g/turnstile/f/ov2/av0/rch/3losk/0x4AAAAAAA65vWDmG-O_lPtT/light/fbE/new/normal?lang=auto:0
[  202082ms] [ERROR] %c%d font-size:0;color:transparent NaN @ https://challenges.cloudflare.com/cdn-cgi/challenge-platform/h/g/turnstile/f/ov2/av0/rch/3losk/0x4AAAAAAA65vWDmG-O_lPtT/light/fbE/new/normal?lang=auto:0
[  202082ms] [WARNING] %c%d font-size:0;color:transparent NaN @ https://challenges.cloudflare.com/cdn-cgi/challenge-platform/h/g/turnstile/f/ov2/av0/rch/3losk/0x4AAAAAAA65vWDmG-O_lPtT/light/fbE/new/normal?lang=auto:0
[  202082ms] [WARNING] %c%d font-size:0;color:transparent NaN @ https://challenges.cloudflare.com/cdn-cgi/challenge-platform/h/g/turnstile/f/ov2/av0/rch/3losk/0x4AAAAAAA65vWDmG-O_lPtT/light/fbE/new/normal?lang=auto:0
[  203437ms] [ERROR] Failed to load resource: the server responded with a status of 429 () @ https://arena.ai/nextjs-api/sign-up:0
[  203810ms] [ERROR] Failed to load resource: the server responded with a status of 401 () @ https://arena.ai/api/history/list?limit=20&includeArchived=false:0
[  206379ms] Error: Minified React error #418; visit https://react.dev/errors/418?args[]=text&args[]= for the full message or use the non-minified dev environment for full errors and additional helpful warnings.
    at r2 (https://arena.ai/_next/static/chunks/94da1101-819810c68dfc98da.js?dpl=dpl_2dp9es1EbQ4XGLen4KuDZuDvGXTz:1:37008)
    at r3 (https://arena.ai/_next/static/chunks/94da1101-819810c68dfc98da.js?dpl=dpl_2dp9es1EbQ4XGLen4KuDZuDvGXTz:1:37901)
    at https://arena.ai/_next/static/chunks/94da1101-819810c68dfc98da.js?dpl=dpl_2dp9es1EbQ4XGLen4KuDZuDvGXTz:1:132353
    at sR (https://arena.ai/_next/static/chunks/94da1101-819810c68dfc98da.js?dpl=dpl_2dp9es1EbQ4XGLen4KuDZuDvGXTz:1:137390)
    at sI (https://arena.ai/_next/static/chunks/94da1101-819810c68dfc98da.js?dpl=dpl_2dp9es1EbQ4XGLen4KuDZuDvGXTz:1:128888)
    at https://arena.ai/_next/static/chunks/94da1101-819810c68dfc98da.js?dpl=dpl_2dp9es1EbQ4XGLen4KuDZuDvGXTz:1:124617
    at sE (https://arena.ai/_next/static/chunks/94da1101-819810c68dfc98da.js?dpl=dpl_2dp9es1EbQ4XGLen4KuDZuDvGXTz:1:124718)
    at ca (https://arena.ai/_next/static/chunks/94da1101-819810c68dfc98da.js?dpl=dpl_2dp9es1EbQ4XGLen4KuDZuDvGXTz:1:157399)
    at MessagePort.S (https://arena.ai/_next/static/chunks/88421-ce5d598f76f34bcc.js?dpl=dpl_2dp9es1EbQ4XGLen4KuDZuDvGXTz:1:18791)
[  206850ms] [ERROR] Failed to load resource: the server responded with a status of 401 () @ https://arena.ai/api/history/list?limit=20&includeArchived=false:0
[  208347ms] [ERROR] Failed to load resource: the server responded with a status of 401 () @ https://arena.ai/api/history/list?limit=20&includeArchived=false:0
[  208875ms] [ERROR]  Note that 'script-src' was not explicitly set, so 'default-src' is used as a fallback. @ https://challenges.cloudflare.com/cdn-cgi/challenge-platform/h/g/turnstile/f/ov2/av0/rch/0xxga/0x4AAAAAAA65vWDmG-O_lPtT/light/fbE/new/normal?lang=auto:0
[  209188ms] [ERROR] Failed to load resource: the server responded with a status of 401 () @ https://challenges.cloudflare.com/cdn-cgi/challenge-platform/h/g/pat/9d65cf82dc296026/1772511228008/c7b3fb2d6ed034ce75b89f8e85801c06daa71ef993e1abf9e0e4d18e5be3e22e/qZYGGTEhzSezS2h:0
[  209198ms] [ERROR] %c%d font-size:0;color:transparent NaN @ https://challenges.cloudflare.com/cdn-cgi/challenge-platform/h/g/turnstile/f/ov2/av0/rch/0xxga/0x4AAAAAAA65vWDmG-O_lPtT/light/fbE/new/normal?lang=auto:0
[  209198ms] [ERROR] %c%d font-size:0;color:transparent NaN @ https://challenges.cloudflare.com/cdn-cgi/challenge-platform/h/g/turnstile/f/ov2/av0/rch/0xxga/0x4AAAAAAA65vWDmG-O_lPtT/light/fbE/new/normal?lang=auto:0
[  209198ms] [WARNING] %c%d font-size:0;color:transparent NaN @ https://challenges.cloudflare.com/cdn-cgi/challenge-platform/h/g/turnstile/f/ov2/av0/rch/0xxga/0x4AAAAAAA65vWDmG-O_lPtT/light/fbE/new/normal?lang=auto:0
[  209198ms] [WARNING] %c%d font-size:0;color:transparent NaN @ https://challenges.cloudflare.com/cdn-cgi/challenge-platform/h/g/turnstile/f/ov2/av0/rch/0xxga/0x4AAAAAAA65vWDmG-O_lPtT/light/fbE/new/normal?lang=auto:0
[  210947ms] [ERROR] Failed to load resource: the server responded with a status of 401 () @ https://arena.ai/api/history/list?limit=20&includeArchived=false:0
[  214496ms] Error: Minified React error #418; visit https://react.dev/errors/418?args[]=text&args[]= for the full message or use the non-minified dev environment for full errors and additional helpful warnings.
    at r2 (https://arena.ai/_next/static/chunks/94da1101-819810c68dfc98da.js?dpl=dpl_2dp9es1EbQ4XGLen4KuDZuDvGXTz:1:37008)
    at r3 (https://arena.ai/_next/static/chunks/94da1101-819810c68dfc98da.js?dpl=dpl_2dp9es1EbQ4XGLen4KuDZuDvGXTz:1:37901)
    at https://arena.ai/_next/static/chunks/94da1101-819810c68dfc98da.js?dpl=dpl_2dp9es1EbQ4XGLen4KuDZuDvGXTz:1:132353
    at sR (https://arena.ai/_next/static/chunks/94da1101-819810c68dfc98da.js?dpl=dpl_2dp9es1EbQ4XGLen4KuDZuDvGXTz:1:137390)
    at sI (https://arena.ai/_next/static/chunks/94da1101-819810c68dfc98da.js?dpl=dpl_2dp9es1EbQ4XGLen4KuDZuDvGXTz:1:128888)
    at https://arena.ai/_next/static/chunks/94da1101-819810c68dfc98da.js?dpl=dpl_2dp9es1EbQ4XGLen4KuDZuDvGXTz:1:124617
    at sE (https://arena.ai/_next/static/chunks/94da1101-819810c68dfc98da.js?dpl=dpl_2dp9es1EbQ4XGLen4KuDZuDvGXTz:1:124718)
    at ca (https://arena.ai/_next/static/chunks/94da1101-819810c68dfc98da.js?dpl=dpl_2dp9es1EbQ4XGLen4KuDZuDvGXTz:1:157399)
    at MessagePort.S (https://arena.ai/_next/static/chunks/88421-ce5d598f76f34bcc.js?dpl=dpl_2dp9es1EbQ4XGLen4KuDZuDvGXTz:1:18791)
[  214947ms] [ERROR] Failed to load resource: the server responded with a status of 401 () @ https://arena.ai/api/history/list?limit=20&includeArchived=false:0
[  216388ms] [ERROR] Failed to load resource: the server responded with a status of 401 () @ https://arena.ai/api/history/list?limit=20&includeArchived=false:0
[  219012ms] [ERROR] Failed to load resource: the server responded with a status of 401 () @ https://arena.ai/api/history/list?limit=20&includeArchived=false:0
[  220483ms] [ERROR] Failed to load resource: the server responded with a status of 401 () @ https://arena.ai/api/history/list?limit=20&includeArchived=false:0
[  222433ms] Error: Minified React error #418; visit https://react.dev/errors/418?args[]=text&args[]= for the full message or use the non-minified dev environment for full errors and additional helpful warnings.
    at r2 (https://arena.ai/_next/static/chunks/94da1101-819810c68dfc98da.js?dpl=dpl_2dp9es1EbQ4XGLen4KuDZuDvGXTz:1:37008)
    at r3 (https://arena.ai/_next/static/chunks/94da1101-819810c68dfc98da.js?dpl=dpl_2dp9es1EbQ4XGLen4KuDZuDvGXTz:1:37901)
    at https://arena.ai/_next/static/chunks/94da1101-819810c68dfc98da.js?dpl=dpl_2dp9es1EbQ4XGLen4KuDZuDvGXTz:1:132353
    at sR (https://arena.ai/_next/static/chunks/94da1101-819810c68dfc98da.js?dpl=dpl_2dp9es1EbQ4XGLen4KuDZuDvGXTz:1:137390)
    at sI (https://arena.ai/_next/static/chunks/94da1101-819810c68dfc98da.js?dpl=dpl_2dp9es1EbQ4XGLen4KuDZuDvGXTz:1:128888)
    at https://arena.ai/_next/static/chunks/94da1101-819810c68dfc98da.js?dpl=dpl_2dp9es1EbQ4XGLen4KuDZuDvGXTz:1:124617
    at sE (https://arena.ai/_next/static/chunks/94da1101-819810c68dfc98da.js?dpl=dpl_2dp9es1EbQ4XGLen4KuDZuDvGXTz:1:124718)
    at ca (https://arena.ai/_next/static/chunks/94da1101-819810c68dfc98da.js?dpl=dpl_2dp9es1EbQ4XGLen4KuDZuDvGXTz:1:157399)
    at MessagePort.S (https://arena.ai/_next/static/chunks/88421-ce5d598f76f34bcc.js?dpl=dpl_2dp9es1EbQ4XGLen4KuDZuDvGXTz:1:18791)
[  222965ms] [ERROR] Failed to load resource: the server responded with a status of 401 () @ https://arena.ai/api/history/list?limit=20&includeArchived=false:0
[  224422ms] [ERROR] Failed to load resource: the server responded with a status of 401 () @ https://arena.ai/api/history/list?limit=20&includeArchived=false:0
[  225349ms] Error: Minified React error #418; visit https://react.dev/errors/418?args[]=text&args[]= for the full message or use the non-minified dev environment for full errors and additional helpful warnings.
    at r2 (https://arena.ai/_next/static/chunks/94da1101-819810c68dfc98da.js?dpl=dpl_2dp9es1EbQ4XGLen4KuDZuDvGXTz:1:37008)
    at r3 (https://arena.ai/_next/static/chunks/94da1101-819810c68dfc98da.js?dpl=dpl_2dp9es1EbQ4XGLen4KuDZuDvGXTz:1:37901)
    at https://arena.ai/_next/static/chunks/94da1101-819810c68dfc98da.js?dpl=dpl_2dp9es1EbQ4XGLen4KuDZuDvGXTz:1:132353
    at sR (https://arena.ai/_next/static/chunks/94da1101-819810c68dfc98da.js?dpl=dpl_2dp9es1EbQ4XGLen4KuDZuDvGXTz:1:137390)
    at sI (https://arena.ai/_next/static/chunks/94da1101-819810c68dfc98da.js?dpl=dpl_2dp9es1EbQ4XGLen4KuDZuDvGXTz:1:128888)
    at https://arena.ai/_next/static/chunks/94da1101-819810c68dfc98da.js?dpl=dpl_2dp9es1EbQ4XGLen4KuDZuDvGXTz:1:124617
    at sE (https://arena.ai/_next/static/chunks/94da1101-819810c68dfc98da.js?dpl=dpl_2dp9es1EbQ4XGLen4KuDZuDvGXTz:1:124718)
    at ca (https://arena.ai/_next/static/chunks/94da1101-819810c68dfc98da.js?dpl=dpl_2dp9es1EbQ4XGLen4KuDZuDvGXTz:1:157399)
    at MessagePort.S (https://arena.ai/_next/static/chunks/88421-ce5d598f76f34bcc.js?dpl=dpl_2dp9es1EbQ4XGLen4KuDZuDvGXTz:1:18791)
[  225881ms] [ERROR] Failed to load resource: the server responded with a status of 401 () @ https://arena.ai/api/history/list?limit=20&includeArchived=false:0
[  227377ms] [ERROR] Failed to load resource: the server responded with a status of 401 () @ https://arena.ai/api/history/list?limit=20&includeArchived=false:0
[  229863ms] [ERROR] Failed to load resource: the server responded with a status of 401 () @ https://arena.ai/api/history/list?limit=20&includeArchived=false:0
[  233519ms] [WARNING] The resource https://arena.ai/_next/static/media/d7df244fe7b07b95-s.p.woff2?dpl=dpl_2dp9es1EbQ4XGLen4KuDZuDvGXTz was preloaded using link preload but not used within a few seconds from the window's load event. Please make sure it has an appropriate `as` value and it is preloaded intentionally. @ https://arena.ai/leaderboard/image-to-video:0
[  233520ms] [WARNING] The resource https://arena.ai/_next/static/media/9dcef913907d177d-s.p.woff2?dpl=dpl_2dp9es1EbQ4XGLen4KuDZuDvGXTz was preloaded using link preload but not used within a few seconds from the window's load event. Please make sure it has an appropriate `as` value and it is preloaded intentionally. @ https://arena.ai/leaderboard/image-to-video:0
[  233520ms] [WARNING] The resource https://arena.ai/_next/static/media/0e96d314a90a6138-s.p.woff2?dpl=dpl_2dp9es1EbQ4XGLen4KuDZuDvGXTz was preloaded using link preload but not used within a few seconds from the window's load event. Please make sure it has an appropriate `as` value and it is preloaded intentionally. @ https://arena.ai/leaderboard/image-to-video:0
[  233520ms] [WARNING] The resource https://arena.ai/_next/static/media/0a7dccb9ebe20c72-s.p.woff2?dpl=dpl_2dp9es1EbQ4XGLen4KuDZuDvGXTz was preloaded using link preload but not used within a few seconds from the window's load event. Please make sure it has an appropriate `as` value and it is preloaded intentionally. @ https://arena.ai/leaderboard/image-to-video:0
[  233520ms] [WARNING] The resource https://arena.ai/_next/static/media/d00ac9cf364fead5-s.p.woff2?dpl=dpl_2dp9es1EbQ4XGLen4KuDZuDvGXTz was preloaded using link preload but not used within a few seconds from the window's load event. Please make sure it has an appropriate `as` value and it is preloaded intentionally. @ https://arena.ai/leaderboard/image-to-video:0
[  233520ms] [WARNING] The resource https://arena.ai/_next/static/media/76fcc95954fbfc88-s.p.woff2?dpl=dpl_2dp9es1EbQ4XGLen4KuDZuDvGXTz was preloaded using link preload but not used within a few seconds from the window's load event. Please make sure it has an appropriate `as` value and it is preloaded intentionally. @ https://arena.ai/leaderboard/image-to-video:0
[  233520ms] [WARNING] The resource https://arena.ai/_next/static/media/e4af272ccee01ff0-s.p.woff2?dpl=dpl_2dp9es1EbQ4XGLen4KuDZuDvGXTz was preloaded using link preload but not used within a few seconds from the window's load event. Please make sure it has an appropriate `as` value and it is preloaded intentionally. @ https://arena.ai/leaderboard/image-to-video:0
[  233520ms] [WARNING] The resource https://arena.ai/_next/static/media/121b8959500e2dbb-s.p.woff2?dpl=dpl_2dp9es1EbQ4XGLen4KuDZuDvGXTz was preloaded using link preload but not used within a few seconds from the window's load event. Please make sure it has an appropriate `as` value and it is preloaded intentionally. @ https://arena.ai/leaderboard/image-to-video:0
[  233520ms] [WARNING] The resource https://arena.ai/_next/static/media/268f004ea3786b37-s.p.woff2?dpl=dpl_2dp9es1EbQ4XGLen4KuDZuDvGXTz was preloaded using link preload but not used within a few seconds from the window's load event. Please make sure it has an appropriate `as` value and it is preloaded intentionally. @ https://arena.ai/leaderboard/image-to-video:0
[  233520ms] [WARNING] The resource https://arena.ai/_next/static/media/cdf8aa7aff76506e-s.p.woff2?dpl=dpl_2dp9es1EbQ4XGLen4KuDZuDvGXTz was preloaded using link preload but not used within a few seconds from the window's load event. Please make sure it has an appropriate `as` value and it is preloaded intentionally. @ https://arena.ai/leaderboard/image-to-video:0
[  233520ms] [WARNING] The resource https://arena.ai/_next/static/media/82ebfbcf8e635787-s.p.ttf?dpl=dpl_2dp9es1EbQ4XGLen4KuDZuDvGXTz was preloaded using link preload but not used within a few seconds from the window's load event. Please make sure it has an appropriate `as` value and it is preloaded intentionally. @ https://arena.ai/leaderboard/image-to-video:0
[  233520ms] [WARNING] The resource https://arena.ai/_next/static/media/b7ea2ab4a8ad1f81-s.p.woff2?dpl=dpl_2dp9es1EbQ4XGLen4KuDZuDvGXTz was preloaded using link preload but not used within a few seconds from the window's load event. Please make sure it has an appropriate `as` value and it is preloaded intentionally. @ https://arena.ai/leaderboard/image-to-video:0
[  233520ms] [WARNING] The resource https://arena.ai/_next/static/media/5d259b4d93dec8ad-s.p.woff2?dpl=dpl_2dp9es1EbQ4XGLen4KuDZuDvGXTz was preloaded using link preload but not used within a few seconds from the window's load event. Please make sure it has an appropriate `as` value and it is preloaded intentionally. @ https://arena.ai/leaderboard/image-to-video:0
[  233520ms] [WARNING] The resource https://arena.ai/_next/static/media/129456645e506c76-s.p.woff2?dpl=dpl_2dp9es1EbQ4XGLen4KuDZuDvGXTz was preloaded using link preload but not used within a few seconds from the window's load event. Please make sure it has an appropriate `as` value and it is preloaded intentionally. @ https://arena.ai/leaderboard/image-to-video:0
[  233520ms] [WARNING] The resource https://arena.ai/_next/static/media/c4b700dcb2187787-s.p.woff2?dpl=dpl_2dp9es1EbQ4XGLen4KuDZuDvGXTz was preloaded using link preload but not used within a few seconds from the window's load event. Please make sure it has an appropriate `as` value and it is preloaded intentionally. @ https://arena.ai/leaderboard/image-to-video:0
[  234353ms] [ERROR] Failed to load resource: the server responded with a status of 401 () @ https://arena.ai/api/history/list?limit=20&includeArchived=false:0
[  237355ms] [WARNING] The resource https://arena.ai/_next/static/media/d7df244fe7b07b95-s.p.woff2?dpl=dpl_2dp9es1EbQ4XGLen4KuDZuDvGXTz was preloaded using link preload but not used within a few seconds from the window's load event. Please make sure it has an appropriate `as` value and it is preloaded intentionally. @ https://arena.ai/leaderboard/image-to-video:0
[  237355ms] [WARNING] The resource https://arena.ai/_next/static/media/9dcef913907d177d-s.p.woff2?dpl=dpl_2dp9es1EbQ4XGLen4KuDZuDvGXTz was preloaded using link preload but not used within a few seconds from the window's load event. Please make sure it has an appropriate `as` value and it is preloaded intentionally. @ https://arena.ai/leaderboard/image-to-video:0
[  237355ms] [WARNING] The resource https://arena.ai/_next/static/media/0e96d314a90a6138-s.p.woff2?dpl=dpl_2dp9es1EbQ4XGLen4KuDZuDvGXTz was preloaded using link preload but not used within a few seconds from the window's load event. Please make sure it has an appropriate `as` value and it is preloaded intentionally. @ https://arena.ai/leaderboard/image-to-video:0
[  237355ms] [WARNING] The resource https://arena.ai/_next/static/media/0a7dccb9ebe20c72-s.p.woff2?dpl=dpl_2dp9es1EbQ4XGLen4KuDZuDvGXTz was preloaded using link preload but not used within a few seconds from the window's load event. Please make sure it has an appropriate `as` value and it is preloaded intentionally. @ https://arena.ai/leaderboard/image-to-video:0
[  237355ms] [WARNING] The resource https://arena.ai/_next/static/media/d00ac9cf364fead5-s.p.woff2?dpl=dpl_2dp9es1EbQ4XGLen4KuDZuDvGXTz was preloaded using link preload but not used within a few seconds from the window's load event. Please make sure it has an appropriate `as` value and it is preloaded intentionally. @ https://arena.ai/leaderboard/image-to-video:0
[  237355ms] [WARNING] The resource https://arena.ai/_next/static/media/76fcc95954fbfc88-s.p.woff2?dpl=dpl_2dp9es1EbQ4XGLen4KuDZuDvGXTz was preloaded using link preload but not used within a few seconds from the window's load event. Please make sure it has an appropriate `as` value and it is preloaded intentionally. @ https://arena.ai/leaderboard/image-to-video:0
[  237355ms] [WARNING] The resource https://arena.ai/_next/static/media/e4af272ccee01ff0-s.p.woff2?dpl=dpl_2dp9es1EbQ4XGLen4KuDZuDvGXTz was preloaded using link preload but not used within a few seconds from the window's load event. Please make sure it has an appropriate `as` value and it is preloaded intentionally. @ https://arena.ai/leaderboard/image-to-video:0
[  237355ms] [WARNING] The resource https://arena.ai/_next/static/media/121b8959500e2dbb-s.p.woff2?dpl=dpl_2dp9es1EbQ4XGLen4KuDZuDvGXTz was preloaded using link preload but not used within a few seconds from the window's load event. Please make sure it has an appropriate `as` value and it is preloaded intentionally. @ https://arena.ai/leaderboard/image-to-video:0
[  237355ms] [WARNING] The resource https://arena.ai/_next/static/media/268f004ea3786b37-s.p.woff2?dpl=dpl_2dp9es1EbQ4XGLen4KuDZuDvGXTz was preloaded using link preload but not used within a few seconds from the window's load event. Please make sure it has an appropriate `as` value and it is preloaded intentionally. @ https://arena.ai/leaderboard/image-to-video:0
[  237355ms] [WARNING] The resource https://arena.ai/_next/static/media/cdf8aa7aff76506e-s.p.woff2?dpl=dpl_2dp9es1EbQ4XGLen4KuDZuDvGXTz was preloaded using link preload but not used within a few seconds from the window's load event. Please make sure it has an appropriate `as` value and it is preloaded intentionally. @ https://arena.ai/leaderboard/image-to-video:0
[  237355ms] [WARNING] The resource https://arena.ai/_next/static/media/82ebfbcf8e635787-s.p.ttf?dpl=dpl_2dp9es1EbQ4XGLen4KuDZuDvGXTz was preloaded using link preload but not used within a few seconds from the window's load event. Please make sure it has an appropriate `as` value and it is preloaded intentionally. @ https://arena.ai/leaderboard/image-to-video:0
[  237355ms] [WARNING] The resource https://arena.ai/_next/static/media/b7ea2ab4a8ad1f81-s.p.woff2?dpl=dpl_2dp9es1EbQ4XGLen4KuDZuDvGXTz was preloaded using link preload but not used within a few seconds from the window's load event. Please make sure it has an appropriate `as` value and it is preloaded intentionally. @ https://arena.ai/leaderboard/image-to-video:0
[  237355ms] [WARNING] The resource https://arena.ai/_next/static/media/5d259b4d93dec8ad-s.p.woff2?dpl=dpl_2dp9es1EbQ4XGLen4KuDZuDvGXTz was preloaded using link preload but not used within a few seconds from the window's load event. Please make sure it has an appropriate `as` value and it is preloaded intentionally. @ https://arena.ai/leaderboard/image-to-video:0
[  237355ms] [WARNING] The resource https://arena.ai/_next/static/media/129456645e506c76-s.p.woff2?dpl=dpl_2dp9es1EbQ4XGLen4KuDZuDvGXTz was preloaded using link preload but not used within a few seconds from the window's load event. Please make sure it has an appropriate `as` value and it is preloaded intentionally. @ https://arena.ai/leaderboard/image-to-video:0
[  237355ms] [WARNING] The resource https://arena.ai/_next/static/media/c4b700dcb2187787-s.p.woff2?dpl=dpl_2dp9es1EbQ4XGLen4KuDZuDvGXTz was preloaded using link preload but not used within a few seconds from the window's load event. Please make sure it has an appropriate `as` value and it is preloaded intentionally. @ https://arena.ai/leaderboard/image-to-video:0
[  250383ms] [ERROR] Failed to load resource: the server responded with a status of 401 () @ https://arena.ai/api/history/list?limit=20&includeArchived=false:0
[  251847ms] [ERROR] Failed to load resource: the server responded with a status of 401 () @ https://arena.ai/api/history/list?limit=20&includeArchived=false:0
[  254312ms] [ERROR] Failed to load resource: the server responded with a status of 401 () @ https://arena.ai/api/history/list?limit=20&includeArchived=false:0
[  255778ms] [ERROR] Failed to load resource: the server responded with a status of 401 () @ https://arena.ai/api/history/list?limit=20&includeArchived=false:0
[  258285ms] [ERROR] Failed to load resource: the server responded with a status of 401 () @ https://arena.ai/api/history/list?limit=20&includeArchived=false:0
[  259791ms] [ERROR] Failed to load resource: the server responded with a status of 401 () @ https://arena.ai/api/history/list?limit=20&includeArchived=false:0
[  261864ms] Error: Minified React error #418; visit https://react.dev/errors/418?args[]=text&args[]= for the full message or use the non-minified dev environment for full errors and additional helpful warnings.
    at r2 (https://arena.ai/_next/static/chunks/94da1101-819810c68dfc98da.js?dpl=dpl_2dp9es1EbQ4XGLen4KuDZuDvGXTz:1:37008)
    at r3 (https://arena.ai/_next/static/chunks/94da1101-819810c68dfc98da.js?dpl=dpl_2dp9es1EbQ4XGLen4KuDZuDvGXTz:1:37901)
    at https://arena.ai/_next/static/chunks/94da1101-819810c68dfc98da.js?dpl=dpl_2dp9es1EbQ4XGLen4KuDZuDvGXTz:1:132353
    at sR (https://arena.ai/_next/static/chunks/94da1101-819810c68dfc98da.js?dpl=dpl_2dp9es1EbQ4XGLen4KuDZuDvGXTz:1:137390)
    at sI (https://arena.ai/_next/static/chunks/94da1101-819810c68dfc98da.js?dpl=dpl_2dp9es1EbQ4XGLen4KuDZuDvGXTz:1:128888)
    at https://arena.ai/_next/static/chunks/94da1101-819810c68dfc98da.js?dpl=dpl_2dp9es1EbQ4XGLen4KuDZuDvGXTz:1:124617
    at sE (https://arena.ai/_next/static/chunks/94da1101-819810c68dfc98da.js?dpl=dpl_2dp9es1EbQ4XGLen4KuDZuDvGXTz:1:124718)
    at ca (https://arena.ai/_next/static/chunks/94da1101-819810c68dfc98da.js?dpl=dpl_2dp9es1EbQ4XGLen4KuDZuDvGXTz:1:157399)
    at MessagePort.S (https://arena.ai/_next/static/chunks/88421-ce5d598f76f34bcc.js?dpl=dpl_2dp9es1EbQ4XGLen4KuDZuDvGXTz:1:18791)
[  262301ms] [ERROR] Failed to load resource: the server responded with a status of 401 () @ https://arena.ai/api/history/list?limit=20&includeArchived=false:0
[  263769ms] [ERROR] Failed to load resource: the server responded with a status of 401 () @ https://arena.ai/api/history/list?limit=20&includeArchived=false:0
[  265729ms] Error: Minified React error #418; visit https://react.dev/errors/418?args[]=text&args[]= for the full message or use the non-minified dev environment for full errors and additional helpful warnings.
    at r2 (https://arena.ai/_next/static/chunks/94da1101-819810c68dfc98da.js?dpl=dpl_2dp9es1EbQ4XGLen4KuDZuDvGXTz:1:37008)
    at r3 (https://arena.ai/_next/static/chunks/94da1101-819810c68dfc98da.js?dpl=dpl_2dp9es1EbQ4XGLen4KuDZuDvGXTz:1:37901)
    at https://arena.ai/_next/static/chunks/94da1101-819810c68dfc98da.js?dpl=dpl_2dp9es1EbQ4XGLen4KuDZuDvGXTz:1:132353
    at sR (https://arena.ai/_next/static/chunks/94da1101-819810c68dfc98da.js?dpl=dpl_2dp9es1EbQ4XGLen4KuDZuDvGXTz:1:137390)
    at sI (https://arena.ai/_next/static/chunks/94da1101-819810c68dfc98da.js?dpl=dpl_2dp9es1EbQ4XGLen4KuDZuDvGXTz:1:128888)
    at https://arena.ai/_next/static/chunks/94da1101-819810c68dfc98da.js?dpl=dpl_2dp9es1EbQ4XGLen4KuDZuDvGXTz:1:124617
    at sE (https://arena.ai/_next/static/chunks/94da1101-819810c68dfc98da.js?dpl=dpl_2dp9es1EbQ4XGLen4KuDZuDvGXTz:1:124718)
    at ca (https://arena.ai/_next/static/chunks/94da1101-819810c68dfc98da.js?dpl=dpl_2dp9es1EbQ4XGLen4KuDZuDvGXTz:1:157399)
    at MessagePort.S (https://arena.ai/_next/static/chunks/88421-ce5d598f76f34bcc.js?dpl=dpl_2dp9es1EbQ4XGLen4KuDZuDvGXTz:1:18791)
[  266181ms] [ERROR] Failed to load resource: the server responded with a status of 401 () @ https://arena.ai/api/history/list?limit=20&includeArchived=false:0
[  267698ms] [ERROR] Failed to load resource: the server responded with a status of 401 () @ https://arena.ai/api/history/list?limit=20&includeArchived=false:0
[  270198ms] [ERROR] Failed to load resource: the server responded with a status of 401 () @ https://arena.ai/api/history/list?limit=20&includeArchived=false:0
[  271656ms] [ERROR] Failed to load resource: the server responded with a status of 401 () @ https://arena.ai/api/history/list?limit=20&includeArchived=false:0
[  274152ms] [ERROR] Failed to load resource: the server responded with a status of 401 () @ https://arena.ai/api/history/list?limit=20&includeArchived=false:0
[  275697ms] Error: Minified React error #418; visit https://react.dev/errors/418?args[]=text&args[]= for the full message or use the non-minified dev environment for full errors and additional helpful warnings.
    at r2 (https://arena.ai/_next/static/chunks/94da1101-819810c68dfc98da.js?dpl=dpl_2dp9es1EbQ4XGLen4KuDZuDvGXTz:1:37008)
    at r3 (https://arena.ai/_next/static/chunks/94da1101-819810c68dfc98da.js?dpl=dpl_2dp9es1EbQ4XGLen4KuDZuDvGXTz:1:37901)
    at https://arena.ai/_next/static/chunks/94da1101-819810c68dfc98da.js?dpl=dpl_2dp9es1EbQ4XGLen4KuDZuDvGXTz:1:132353
    at sR (https://arena.ai/_next/static/chunks/94da1101-819810c68dfc98da.js?dpl=dpl_2dp9es1EbQ4XGLen4KuDZuDvGXTz:1:137390)
    at sI (https://arena.ai/_next/static/chunks/94da1101-819810c68dfc98da.js?dpl=dpl_2dp9es1EbQ4XGLen4KuDZuDvGXTz:1:128888)
    at https://arena.ai/_next/static/chunks/94da1101-819810c68dfc98da.js?dpl=dpl_2dp9es1EbQ4XGLen4KuDZuDvGXTz:1:124617
    at sE (https://arena.ai/_next/static/chunks/94da1101-819810c68dfc98da.js?dpl=dpl_2dp9es1EbQ4XGLen4KuDZuDvGXTz:1:124718)
    at ca (https://arena.ai/_next/static/chunks/94da1101-819810c68dfc98da.js?dpl=dpl_2dp9es1EbQ4XGLen4KuDZuDvGXTz:1:157399)
    at MessagePort.S (https://arena.ai/_next/static/chunks/88421-ce5d598f76f34bcc.js?dpl=dpl_2dp9es1EbQ4XGLen4KuDZuDvGXTz:1:18791)
[  276139ms] [ERROR] Failed to load resource: the server responded with a status of 401 () @ https://arena.ai/api/history/list?limit=20&includeArchived=false:0
[  277656ms] [ERROR] Failed to load resource: the server responded with a status of 401 () @ https://arena.ai/api/history/list?limit=20&includeArchived=false:0
[  279586ms] Error: Minified React error #418; visit https://react.dev/errors/418?args[]=text&args[]= for the full message or use the non-minified dev environment for full errors and additional helpful warnings.
    at r2 (https://arena.ai/_next/static/chunks/94da1101-819810c68dfc98da.js?dpl=dpl_2dp9es1EbQ4XGLen4KuDZuDvGXTz:1:37008)
    at r3 (https://arena.ai/_next/static/chunks/94da1101-819810c68dfc98da.js?dpl=dpl_2dp9es1EbQ4XGLen4KuDZuDvGXTz:1:37901)
    at https://arena.ai/_next/static/chunks/94da1101-819810c68dfc98da.js?dpl=dpl_2dp9es1EbQ4XGLen4KuDZuDvGXTz:1:132353
    at sR (https://arena.ai/_next/static/chunks/94da1101-819810c68dfc98da.js?dpl=dpl_2dp9es1EbQ4XGLen4KuDZuDvGXTz:1:137390)
    at sI (https://arena.ai/_next/static/chunks/94da1101-819810c68dfc98da.js?dpl=dpl_2dp9es1EbQ4XGLen4KuDZuDvGXTz:1:128888)
    at https://arena.ai/_next/static/chunks/94da1101-819810c68dfc98da.js?dpl=dpl_2dp9es1EbQ4XGLen4KuDZuDvGXTz:1:124617
    at sE (https://arena.ai/_next/static/chunks/94da1101-819810c68dfc98da.js?dpl=dpl_2dp9es1EbQ4XGLen4KuDZuDvGXTz:1:124718)
    at ca (https://arena.ai/_next/static/chunks/94da1101-819810c68dfc98da.js?dpl=dpl_2dp9es1EbQ4XGLen4KuDZuDvGXTz:1:157399)
    at MessagePort.S (https://arena.ai/_next/static/chunks/88421-ce5d598f76f34bcc.js?dpl=dpl_2dp9es1EbQ4XGLen4KuDZuDvGXTz:1:18791)
[  280053ms] [ERROR] Failed to load resource: the server responded with a status of 401 () @ https://arena.ai/api/history/list?limit=20&includeArchived=false:0
[  281499ms] [ERROR] Failed to load resource: the server responded with a status of 401 () @ https://arena.ai/api/history/list?limit=20&includeArchived=false:0
[  283978ms] [ERROR] Failed to load resource: the server responded with a status of 401 () @ https://arena.ai/api/history/list?limit=20&includeArchived=false:0
[  287725ms] [WARNING] The resource https://arena.ai/_next/static/media/d7df244fe7b07b95-s.p.woff2?dpl=dpl_2dp9es1EbQ4XGLen4KuDZuDvGXTz was preloaded using link preload but not used within a few seconds from the window's load event. Please make sure it has an appropriate `as` value and it is preloaded intentionally. @ https://arena.ai/leaderboard/image-to-video:0
[  287725ms] [WARNING] The resource https://arena.ai/_next/static/media/0e96d314a90a6138-s.p.woff2?dpl=dpl_2dp9es1EbQ4XGLen4KuDZuDvGXTz was preloaded using link preload but not used within a few seconds from the window's load event. Please make sure it has an appropriate `as` value and it is preloaded intentionally. @ https://arena.ai/leaderboard/image-to-video:0
[  287725ms] [WARNING] The resource https://arena.ai/_next/static/media/9dcef913907d177d-s.p.woff2?dpl=dpl_2dp9es1EbQ4XGLen4KuDZuDvGXTz was preloaded using link preload but not used within a few seconds from the window's load event. Please make sure it has an appropriate `as` value and it is preloaded intentionally. @ https://arena.ai/leaderboard/image-to-video:0
[  287725ms] [WARNING] The resource https://arena.ai/_next/static/media/0a7dccb9ebe20c72-s.p.woff2?dpl=dpl_2dp9es1EbQ4XGLen4KuDZuDvGXTz was preloaded using link preload but not used within a few seconds from the window's load event. Please make sure it has an appropriate `as` value and it is preloaded intentionally. @ https://arena.ai/leaderboard/image-to-video:0
[  287725ms] [WARNING] The resource https://arena.ai/_next/static/media/d00ac9cf364fead5-s.p.woff2?dpl=dpl_2dp9es1EbQ4XGLen4KuDZuDvGXTz was preloaded using link preload but not used within a few seconds from the window's load event. Please make sure it has an appropriate `as` value and it is preloaded intentionally. @ https://arena.ai/leaderboard/image-to-video:0
[  287725ms] [WARNING] The resource https://arena.ai/_next/static/media/76fcc95954fbfc88-s.p.woff2?dpl=dpl_2dp9es1EbQ4XGLen4KuDZuDvGXTz was preloaded using link preload but not used within a few seconds from the window's load event. Please make sure it has an appropriate `as` value and it is preloaded intentionally. @ https://arena.ai/leaderboard/image-to-video:0
[  287725ms] [WARNING] The resource https://arena.ai/_next/static/media/e4af272ccee01ff0-s.p.woff2?dpl=dpl_2dp9es1EbQ4XGLen4KuDZuDvGXTz was preloaded using link preload but not used within a few seconds from the window's load event. Please make sure it has an appropriate `as` value and it is preloaded intentionally. @ https://arena.ai/leaderboard/image-to-video:0
[  287725ms] [WARNING] The resource https://arena.ai/_next/static/media/121b8959500e2dbb-s.p.woff2?dpl=dpl_2dp9es1EbQ4XGLen4KuDZuDvGXTz was preloaded using link preload but not used within a few seconds from the window's load event. Please make sure it has an appropriate `as` value and it is preloaded intentionally. @ https://arena.ai/leaderboard/image-to-video:0
[  287725ms] [WARNING] The resource https://arena.ai/_next/static/media/268f004ea3786b37-s.p.woff2?dpl=dpl_2dp9es1EbQ4XGLen4KuDZuDvGXTz was preloaded using link preload but not used within a few seconds from the window's load event. Please make sure it has an appropriate `as` value and it is preloaded intentionally. @ https://arena.ai/leaderboard/image-to-video:0
[  287725ms] [WARNING] The resource https://arena.ai/_next/static/media/cdf8aa7aff76506e-s.p.woff2?dpl=dpl_2dp9es1EbQ4XGLen4KuDZuDvGXTz was preloaded using link preload but not used within a few seconds from the window's load event. Please make sure it has an appropriate `as` value and it is preloaded intentionally. @ https://arena.ai/leaderboard/image-to-video:0
[  287725ms] [WARNING] The resource https://arena.ai/_next/static/media/82ebfbcf8e635787-s.p.ttf?dpl=dpl_2dp9es1EbQ4XGLen4KuDZuDvGXTz was preloaded using link preload but not used within a few seconds from the window's load event. Please make sure it has an appropriate `as` value and it is preloaded intentionally. @ https://arena.ai/leaderboard/image-to-video:0
[  287725ms] [WARNING] The resource https://arena.ai/_next/static/media/b7ea2ab4a8ad1f81-s.p.woff2?dpl=dpl_2dp9es1EbQ4XGLen4KuDZuDvGXTz was preloaded using link preload but not used within a few seconds from the window's load event. Please make sure it has an appropriate `as` value and it is preloaded intentionally. @ https://arena.ai/leaderboard/image-to-video:0
[  287725ms] [WARNING] The resource https://arena.ai/_next/static/media/5d259b4d93dec8ad-s.p.woff2?dpl=dpl_2dp9es1EbQ4XGLen4KuDZuDvGXTz was preloaded using link preload but not used within a few seconds from the window's load event. Please make sure it has an appropriate `as` value and it is preloaded intentionally. @ https://arena.ai/leaderboard/image-to-video:0
[  287725ms] [WARNING] The resource https://arena.ai/_next/static/media/129456645e506c76-s.p.woff2?dpl=dpl_2dp9es1EbQ4XGLen4KuDZuDvGXTz was preloaded using link preload but not used within a few seconds from the window's load event. Please make sure it has an appropriate `as` value and it is preloaded intentionally. @ https://arena.ai/leaderboard/image-to-video:0
[  287725ms] [WARNING] The resource https://arena.ai/_next/static/media/c4b700dcb2187787-s.p.woff2?dpl=dpl_2dp9es1EbQ4XGLen4KuDZuDvGXTz was preloaded using link preload but not used within a few seconds from the window's load event. Please make sure it has an appropriate `as` value and it is preloaded intentionally. @ https://arena.ai/leaderboard/image-to-video:0
[  288474ms] [ERROR] Failed to load resource: the server responded with a status of 401 () @ https://arena.ai/api/history/list?limit=20&includeArchived=false:0
[  291476ms] [WARNING] The resource https://arena.ai/_next/static/media/d7df244fe7b07b95-s.p.woff2?dpl=dpl_2dp9es1EbQ4XGLen4KuDZuDvGXTz was preloaded using link preload but not used within a few seconds from the window's load event. Please make sure it has an appropriate `as` value and it is preloaded intentionally. @ https://arena.ai/leaderboard/image-to-video:0
[  291476ms] [WARNING] The resource https://arena.ai/_next/static/media/0e96d314a90a6138-s.p.woff2?dpl=dpl_2dp9es1EbQ4XGLen4KuDZuDvGXTz was preloaded using link preload but not used within a few seconds from the window's load event. Please make sure it has an appropriate `as` value and it is preloaded intentionally. @ https://arena.ai/leaderboard/image-to-video:0
[  291476ms] [WARNING] The resource https://arena.ai/_next/static/media/9dcef913907d177d-s.p.woff2?dpl=dpl_2dp9es1EbQ4XGLen4KuDZuDvGXTz was preloaded using link preload but not used within a few seconds from the window's load event. Please make sure it has an appropriate `as` value and it is preloaded intentionally. @ https://arena.ai/leaderboard/image-to-video:0
[  291476ms] [WARNING] The resource https://arena.ai/_next/static/media/0a7dccb9ebe20c72-s.p.woff2?dpl=dpl_2dp9es1EbQ4XGLen4KuDZuDvGXTz was preloaded using link preload but not used within a few seconds from the window's load event. Please make sure it has an appropriate `as` value and it is preloaded intentionally. @ https://arena.ai/leaderboard/image-to-video:0
[  291476ms] [WARNING] The resource https://arena.ai/_next/static/media/d00ac9cf364fead5-s.p.woff2?dpl=dpl_2dp9es1EbQ4XGLen4KuDZuDvGXTz was preloaded using link preload but not used within a few seconds from the window's load event. Please make sure it has an appropriate `as` value and it is preloaded intentionally. @ https://arena.ai/leaderboard/image-to-video:0
[  291476ms] [WARNING] The resource https://arena.ai/_next/static/media/76fcc95954fbfc88-s.p.woff2?dpl=dpl_2dp9es1EbQ4XGLen4KuDZuDvGXTz was preloaded using link preload but not used within a few seconds from the window's load event. Please make sure it has an appropriate `as` value and it is preloaded intentionally. @ https://arena.ai/leaderboard/image-to-video:0
[  291476ms] [WARNING] The resource https://arena.ai/_next/static/media/e4af272ccee01ff0-s.p.woff2?dpl=dpl_2dp9es1EbQ4XGLen4KuDZuDvGXTz was preloaded using link preload but not used within a few seconds from the window's load event. Please make sure it has an appropriate `as` value and it is preloaded intentionally. @ https://arena.ai/leaderboard/image-to-video:0
[  291476ms] [WARNING] The resource https://arena.ai/_next/static/media/121b8959500e2dbb-s.p.woff2?dpl=dpl_2dp9es1EbQ4XGLen4KuDZuDvGXTz was preloaded using link preload but not used within a few seconds from the window's load event. Please make sure it has an appropriate `as` value and it is preloaded intentionally. @ https://arena.ai/leaderboard/image-to-video:0
[  291476ms] [WARNING] The resource https://arena.ai/_next/static/media/268f004ea3786b37-s.p.woff2?dpl=dpl_2dp9es1EbQ4XGLen4KuDZuDvGXTz was preloaded using link preload but not used within a few seconds from the window's load event. Please make sure it has an appropriate `as` value and it is preloaded intentionally. @ https://arena.ai/leaderboard/image-to-video:0
[  291476ms] [WARNING] The resource https://arena.ai/_next/static/media/cdf8aa7aff76506e-s.p.woff2?dpl=dpl_2dp9es1EbQ4XGLen4KuDZuDvGXTz was preloaded using link preload but not used within a few seconds from the window's load event. Please make sure it has an appropriate `as` value and it is preloaded intentionally. @ https://arena.ai/leaderboard/image-to-video:0
[  291476ms] [WARNING] The resource https://arena.ai/_next/static/media/82ebfbcf8e635787-s.p.ttf?dpl=dpl_2dp9es1EbQ4XGLen4KuDZuDvGXTz was preloaded using link preload but not used within a few seconds from the window's load event. Please make sure it has an appropriate `as` value and it is preloaded intentionally. @ https://arena.ai/leaderboard/image-to-video:0
[  291476ms] [WARNING] The resource https://arena.ai/_next/static/media/b7ea2ab4a8ad1f81-s.p.woff2?dpl=dpl_2dp9es1EbQ4XGLen4KuDZuDvGXTz was preloaded using link preload but not used within a few seconds from the window's load event. Please make sure it has an appropriate `as` value and it is preloaded intentionally. @ https://arena.ai/leaderboard/image-to-video:0
[  291476ms] [WARNING] The resource https://arena.ai/_next/static/media/5d259b4d93dec8ad-s.p.woff2?dpl=dpl_2dp9es1EbQ4XGLen4KuDZuDvGXTz was preloaded using link preload but not used within a few seconds from the window's load event. Please make sure it has an appropriate `as` value and it is preloaded intentionally. @ https://arena.ai/leaderboard/image-to-video:0
[  291476ms] [WARNING] The resource https://arena.ai/_next/static/media/129456645e506c76-s.p.woff2?dpl=dpl_2dp9es1EbQ4XGLen4KuDZuDvGXTz was preloaded using link preload but not used within a few seconds from the window's load event. Please make sure it has an appropriate `as` value and it is preloaded intentionally. @ https://arena.ai/leaderboard/image-to-video:0
[  291476ms] [WARNING] The resource https://arena.ai/_next/static/media/c4b700dcb2187787-s.p.woff2?dpl=dpl_2dp9es1EbQ4XGLen4KuDZuDvGXTz was preloaded using link preload but not used within a few seconds from the window's load event. Please make sure it has an appropriate `as` value and it is preloaded intentionally. @ https://arena.ai/leaderboard/image-to-video:0
[  314801ms] [ERROR] Failed to load resource: the server responded with a status of 401 () @ https://arena.ai/api/history/list?limit=20&includeArchived=false:0
[  316377ms] [ERROR] Failed to load resource: the server responded with a status of 401 () @ https://arena.ai/api/history/list?limit=20&includeArchived=false:0
[  319214ms] [ERROR] Failed to load resource: the server responded with a status of 401 () @ https://arena.ai/api/history/list?limit=20&includeArchived=false:0
[  320677ms] [ERROR] Failed to load resource: the server responded with a status of 401 () @ https://arena.ai/api/history/list?limit=20&includeArchived=false:0
[  323690ms] [ERROR] Failed to load resource: the server responded with a status of 401 () @ https://arena.ai/api/history/list?limit=20&includeArchived=false:0
[  325179ms] [ERROR] Failed to load resource: the server responded with a status of 429 () @ https://arena.ai/api/history/list?limit=20&includeArchived=false:0
[  327202ms] Error: Minified React error #418; visit https://react.dev/errors/418?args[]=text&args[]= for the full message or use the non-minified dev environment for full errors and additional helpful warnings.
    at r2 (https://arena.ai/_next/static/chunks/94da1101-819810c68dfc98da.js?dpl=dpl_2dp9es1EbQ4XGLen4KuDZuDvGXTz:1:37008)
    at r3 (https://arena.ai/_next/static/chunks/94da1101-819810c68dfc98da.js?dpl=dpl_2dp9es1EbQ4XGLen4KuDZuDvGXTz:1:37901)
    at https://arena.ai/_next/static/chunks/94da1101-819810c68dfc98da.js?dpl=dpl_2dp9es1EbQ4XGLen4KuDZuDvGXTz:1:132353
    at sR (https://arena.ai/_next/static/chunks/94da1101-819810c68dfc98da.js?dpl=dpl_2dp9es1EbQ4XGLen4KuDZuDvGXTz:1:137390)
    at sI (https://arena.ai/_next/static/chunks/94da1101-819810c68dfc98da.js?dpl=dpl_2dp9es1EbQ4XGLen4KuDZuDvGXTz:1:128888)
    at https://arena.ai/_next/static/chunks/94da1101-819810c68dfc98da.js?dpl=dpl_2dp9es1EbQ4XGLen4KuDZuDvGXTz:1:124617
    at sE (https://arena.ai/_next/static/chunks/94da1101-819810c68dfc98da.js?dpl=dpl_2dp9es1EbQ4XGLen4KuDZuDvGXTz:1:124718)
    at ca (https://arena.ai/_next/static/chunks/94da1101-819810c68dfc98da.js?dpl=dpl_2dp9es1EbQ4XGLen4KuDZuDvGXTz:1:157399)
    at MessagePort.S (https://arena.ai/_next/static/chunks/88421-ce5d598f76f34bcc.js?dpl=dpl_2dp9es1EbQ4XGLen4KuDZuDvGXTz:1:18791)
[  327624ms] [ERROR] Failed to load resource: the server responded with a status of 429 () @ https://arena.ai/api/history/list?limit=20&includeArchived=false:0
[  329076ms] [ERROR] Failed to load resource: the server responded with a status of 429 () @ https://arena.ai/api/history/list?limit=20&includeArchived=false:0
[  331222ms] Error: Minified React error #418; visit https://react.dev/errors/418?args[]=text&args[]= for the full message or use the non-minified dev environment for full errors and additional helpful warnings.
    at r2 (https://arena.ai/_next/static/chunks/94da1101-819810c68dfc98da.js?dpl=dpl_2dp9es1EbQ4XGLen4KuDZuDvGXTz:1:37008)
    at r3 (https://arena.ai/_next/static/chunks/94da1101-819810c68dfc98da.js?dpl=dpl_2dp9es1EbQ4XGLen4KuDZuDvGXTz:1:37901)
    at https://arena.ai/_next/static/chunks/94da1101-819810c68dfc98da.js?dpl=dpl_2dp9es1EbQ4XGLen4KuDZuDvGXTz:1:132353
    at sR (https://arena.ai/_next/static/chunks/94da1101-819810c68dfc98da.js?dpl=dpl_2dp9es1EbQ4XGLen4KuDZuDvGXTz:1:137390)
    at sI (https://arena.ai/_next/static/chunks/94da1101-819810c68dfc98da.js?dpl=dpl_2dp9es1EbQ4XGLen4KuDZuDvGXTz:1:128888)
    at https://arena.ai/_next/static/chunks/94da1101-819810c68dfc98da.js?dpl=dpl_2dp9es1EbQ4XGLen4KuDZuDvGXTz:1:124617
    at sE (https://arena.ai/_next/static/chunks/94da1101-819810c68dfc98da.js?dpl=dpl_2dp9es1EbQ4XGLen4KuDZuDvGXTz:1:124718)
    at ca (https://arena.ai/_next/static/chunks/94da1101-819810c68dfc98da.js?dpl=dpl_2dp9es1EbQ4XGLen4KuDZuDvGXTz:1:157399)
    at MessagePort.S (https://arena.ai/_next/static/chunks/88421-ce5d598f76f34bcc.js?dpl=dpl_2dp9es1EbQ4XGLen4KuDZuDvGXTz:1:18791)
[  331661ms] [ERROR] Failed to load resource: the server responded with a status of 429 () @ https://arena.ai/api/history/list?limit=20&includeArchived=false:0
[  333124ms] [ERROR] Failed to load resource: the server responded with a status of 429 () @ https://arena.ai/api/history/list?limit=20&includeArchived=false:0
[  336158ms] [ERROR] Failed to load resource: the server responded with a status of 429 () @ https://arena.ai/api/history/list?limit=20&includeArchived=false:0
[  338026ms] [ERROR] Failed to load resource: the server responded with a status of 429 () @ https://arena.ai/api/history/list?limit=20&includeArchived=false:0
[  339958ms] Error: Minified React error #418; visit https://react.dev/errors/418?args[]=text&args[]= for the full message or use the non-minified dev environment for full errors and additional helpful warnings.
    at r2 (https://arena.ai/_next/static/chunks/94da1101-819810c68dfc98da.js?dpl=dpl_2dp9es1EbQ4XGLen4KuDZuDvGXTz:1:37008)
    at r3 (https://arena.ai/_next/static/chunks/94da1101-819810c68dfc98da.js?dpl=dpl_2dp9es1EbQ4XGLen4KuDZuDvGXTz:1:37901)
    at https://arena.ai/_next/static/chunks/94da1101-819810c68dfc98da.js?dpl=dpl_2dp9es1EbQ4XGLen4KuDZuDvGXTz:1:132353
    at sR (https://arena.ai/_next/static/chunks/94da1101-819810c68dfc98da.js?dpl=dpl_2dp9es1EbQ4XGLen4KuDZuDvGXTz:1:137390)
    at sI (https://arena.ai/_next/static/chunks/94da1101-819810c68dfc98da.js?dpl=dpl_2dp9es1EbQ4XGLen4KuDZuDvGXTz:1:128888)
    at https://arena.ai/_next/static/chunks/94da1101-819810c68dfc98da.js?dpl=dpl_2dp9es1EbQ4XGLen4KuDZuDvGXTz:1:124617
    at sE (https://arena.ai/_next/static/chunks/94da1101-819810c68dfc98da.js?dpl=dpl_2dp9es1EbQ4XGLen4KuDZuDvGXTz:1:124718)
    at ca (https://arena.ai/_next/static/chunks/94da1101-819810c68dfc98da.js?dpl=dpl_2dp9es1EbQ4XGLen4KuDZuDvGXTz:1:157399)
    at MessagePort.S (https://arena.ai/_next/static/chunks/88421-ce5d598f76f34bcc.js?dpl=dpl_2dp9es1EbQ4XGLen4KuDZuDvGXTz:1:18791)
[  340394ms] [ERROR] Failed to load resource: the server responded with a status of 429 () @ https://arena.ai/api/history/list?limit=20&includeArchived=false:0
[  341851ms] [ERROR] Failed to load resource: the server responded with a status of 429 () @ https://arena.ai/api/history/list?limit=20&includeArchived=false:0
[  343825ms] Error: Minified React error #418; visit https://react.dev/errors/418?args[]=text&args[]= for the full message or use the non-minified dev environment for full errors and additional helpful warnings.
    at r2 (https://arena.ai/_next/static/chunks/94da1101-819810c68dfc98da.js?dpl=dpl_2dp9es1EbQ4XGLen4KuDZuDvGXTz:1:37008)
    at r3 (https://arena.ai/_next/static/chunks/94da1101-819810c68dfc98da.js?dpl=dpl_2dp9es1EbQ4XGLen4KuDZuDvGXTz:1:37901)
    at https://arena.ai/_next/static/chunks/94da1101-819810c68dfc98da.js?dpl=dpl_2dp9es1EbQ4XGLen4KuDZuDvGXTz:1:132353
    at sR (https://arena.ai/_next/static/chunks/94da1101-819810c68dfc98da.js?dpl=dpl_2dp9es1EbQ4XGLen4KuDZuDvGXTz:1:137390)
    at sI (https://arena.ai/_next/static/chunks/94da1101-819810c68dfc98da.js?dpl=dpl_2dp9es1EbQ4XGLen4KuDZuDvGXTz:1:128888)
    at https://arena.ai/_next/static/chunks/94da1101-819810c68dfc98da.js?dpl=dpl_2dp9es1EbQ4XGLen4KuDZuDvGXTz:1:124617
    at sE (https://arena.ai/_next/static/chunks/94da1101-819810c68dfc98da.js?dpl=dpl_2dp9es1EbQ4XGLen4KuDZuDvGXTz:1:124718)
    at ca (https://arena.ai/_next/static/chunks/94da1101-819810c68dfc98da.js?dpl=dpl_2dp9es1EbQ4XGLen4KuDZuDvGXTz:1:157399)
    at MessagePort.S (https://arena.ai/_next/static/chunks/88421-ce5d598f76f34bcc.js?dpl=dpl_2dp9es1EbQ4XGLen4KuDZuDvGXTz:1:18791)
[  344328ms] [ERROR] Failed to load resource: the server responded with a status of 401 () @ https://arena.ai/api/history/list?limit=20&includeArchived=false:0
[  345871ms] [ERROR] Failed to load resource: the server responded with a status of 401 () @ https://arena.ai/api/history/list?limit=20&includeArchived=false:0
[  348777ms] [ERROR] Failed to load resource: the server responded with a status of 401 () @ https://arena.ai/api/history/list?limit=20&includeArchived=false:0
